server running at http://127.0.0.1:8081
server running at http://127.0.0.1:8081
PLACE 3,3,WEST 3 3 WEST
MOVE 2 3 WEST
MOVE 1 3 WEST
MOVE 0 3 WEST
MOVE 0 3 WEST
MOVE 0 3 WEST
LEFT 0 3 SOUTH
LEFT 0 3 EAST
LEFT 0 3 NORTH
LEFT 0 3 WEST
MOVE 0 3 WEST
MOVE 0 3 WEST
MOVE 0 3 WEST
MOVE 0 3 WEST
RIGHT 0 3 NORTH
RIGHT 0 3 EAST
RIGHT 0 3 SOUTH
RIGHT 0 3 WEST
RIGHT 0 3 NORTH
RIGHT 0 3 EAST
PLACE 3,3,WEST 3 3 WEST
MOVE 2 3 WEST
MOVE 1 3 WEST
MOVE 0 3 WEST
MOVE 0 3 WEST
MOVE 0 3 WEST
MOVE 0 3 WEST
MOVE 0 3 WEST
REPORT 0 3 WEST
server running at http://127.0.0.1:8081
invalid position
PLACE 5,4,NORTH 0 0 NORTH
MOVE 0 1 NORTH
LEFT 0 1 WEST
RIGHT 0 1 NORTH
invalid position
PLACE 5,4,NORTH 0 1 NORTH
MOVE 0 2 NORTH
LEFT 0 2 WEST
RIGHT 0 2 NORTH
server running at http://127.0.0.1:8081
PLACE 2,2,SOUTH 2 2 SOUTH
server running at http://127.0.0.1:8081
PLACE 2,2,SOUTH 2 2 SOUTH
RIGHT 2 2 WEST
LEFT 2 2 SOUTH
LEFT 2 2 EAST
REPORT 2 2 EAST
server running at http://127.0.0.1:8081
PLACE 2,2,SOUTH 2 2 SOUTH
RIGHT 2 2 WEST
LEFT 2 2 SOUTH
LEFT 2 2 EAST
REPORT 2 2 EAST
server running at http://127.0.0.1:8081
server running at http://127.0.0.1:8081
PLACE 2,3,SOUTH 2 3 SOUTH
MOVE 2 2 SOUTH
LEFT 2 2 EAST
RIGHT 2 2 SOUTH
REPORT 2 2 SOUTH
server running at http://127.0.0.1:8081
PLACE 2,3,WEST 2 3 WEST
MOVE 1 3 WEST
LEFT 1 3 SOUTH
PLACE 2,3,WEST 2 3 WEST
MOVE 1 3 WEST
RIGHT 1 3 NORTH
RIGHT 1 3 EAST
REPORT 1 3 EAST
server running at http://127.0.0.1:8081
PLACE 1,2,EAST 1 2 EAST
MOVE 2 2 EAST
LEFT 2 2 NORTH
RIGHT 2 2 EAST
RIGHT 2 2 SOUTH
REPORT 2 2 SOUTH
server running at http://127.0.0.1:8081
server running at http://127.0.0.1:8081
server running at http://127.0.0.1:8081
PLACE 2,3,SOUTH 2 3 SOUTH
LEFT 2 3 EAST
MOVE 3 3 EAST
MOVE 4 3 EAST
MOVE 4 3 EAST
MOVE 4 3 EAST
RIGHT 4 3 SOUTH
MOVE 4 2 SOUTH
MOVE 4 1 SOUTH
LEFT 4 1 EAST
MOVE 4 1 EAST
MOVE 4 1 EAST
MOVE 4 1 EAST
RIGHT 4 1 SOUTH
LEFT 4 1 EAST
RIGHT 4 1 SOUTH
RIGHT 4 1 WEST
RIGHT 4 1 NORTH
MOVE 4 2 NORTH
MOVE 4 3 NORTH
REPORT 4 3 NORTH
server running at http://127.0.0.1:8081
PLACE 2,3,SOUTH 2 3 SOUTH
LEFT 2 3 EAST
MOVE 3 3 EAST
MOVE 4 3 EAST
MOVE 4 3 EAST
MOVE 4 3 EAST
RIGHT 4 3 SOUTH
MOVE 4 2 SOUTH
MOVE 4 1 SOUTH
LEFT 4 1 EAST
MOVE 4 1 EAST
MOVE 4 1 EAST
MOVE 4 1 EAST
RIGHT 4 1 SOUTH
LEFT 4 1 EAST
RIGHT 4 1 SOUTH
RIGHT 4 1 WEST
RIGHT 4 1 NORTH
MOVE 4 2 NORTH
MOVE 4 3 NORTH
REPORT 4 3 NORTH
server running at http://127.0.0.1:8081
PLACE 2,3,SOUTH 2 3 SOUTH
LEFT 2 3 EAST
MOVE 3 3 EAST
MOVE 4 3 EAST
MOVE 4 3 EAST
MOVE 4 3 EAST
RIGHT 4 3 SOUTH
MOVE 4 2 SOUTH
MOVE 4 1 SOUTH
LEFT 4 1 EAST
MOVE 4 1 EAST
MOVE 4 1 EAST
MOVE 4 1 EAST
RIGHT 4 1 SOUTH
LEFT 4 1 EAST
RIGHT 4 1 SOUTH
RIGHT 4 1 WEST
RIGHT 4 1 NORTH
MOVE 4 2 NORTH
MOVE 4 3 NORTH
REPORT 4 3 NORTH
PLACE 0,0,NORTH 0 0 NORTH
server running at http://127.0.0.1:8081
PLACE 0,0,NORTH 0 0 NORTH
PLACE 0,0,NORTH 0 0 NORTH
PLACE 0,0,NORTH 0 0 NORTH
PLACE 0,0,NORTH 0 0 NORTH
PLACE 0,0,NORTH 0 0 NORTH
PLACE 1,4,EAST 1 4 EAST
PLACE 2,3,WEST 2 3 WEST
PLACE 3,2,SOUTH 3 2 SOUTH
PLACE 4,1,NORTH 4 1 NORTH
PLACE 0,0,NORTH 0 0 NORTH
PLACE 1,4,EAST 1 4 EAST
PLACE 2,3,WEST 2 3 WEST
PLACE 3,2,SOUTH 3 2 SOUTH
PLACE 4,1,NORTH 4 1 NORTH
PLACE 0,0,NORTH 0 0 NORTH
PLACE 1,4,EAST 1 4 EAST
PLACE 2,3,WEST 2 3 WEST
PLACE 3,2,SOUTH 3 2 SOUTH
PLACE 4,1,NORTH 4 1 NORTH
PLACE 0,0,NORTH 0 0 NORTH
PLACE 0,0,NORTH 0 0 NORTH
PLACE 1,4,EAST 1 4 EAST
PLACE 2,3,WEST 2 3 WEST
PLACE 3,2,SOUTH 3 2 SOUTH
PLACE 4,1,NORTH 4 1 NORTH
PLACE 0,0,NORTH 0 0 NORTH
PLACE 0,0,NORTH 0 0 NORTH
PLACE 1,4,EAST 1 4 EAST
PLACE 2,3,WEST 2 3 WEST
PLACE 3,2,SOUTH 3 2 SOUTH
PLACE 4,1,NORTH 4 1 NORTH
PLACE 0,0,NORTH 0 0 NORTH
PLACE 0,0,NORTH 0 0 NORTH
PLACE 1,4,EAST 1 4 EAST
PLACE 2,3,WEST 2 3 WEST
PLACE 3,2,SOUTH 3 2 SOUTH
PLACE 4,1,NORTH 4 1 NORTH
PLACE 0,0,NORTH 0 0 NORTH
PLACE 0,0,NORTH 0 0 NORTH
PLACE 1,4,EAST 1 4 EAST
PLACE 2,3,WEST 2 3 WEST
PLACE 3,2,SOUTH 3 2 SOUTH
PLACE 4,1,NORTH 4 1 NORTH
PA 0,0,NORTH 4 1 NORTH
PLACE 0,0,NORTH 0 0 NORTH
PLACE 1,4,EAST 1 4 EAST
PLACE 2,3,WEST 2 3 WEST
PLACE 3,2,SOUTH 3 2 SOUTH
PLACE 4,1,NORTH 4 1 NORTH
PA 0,0,NORTH 4 1 NORTH
PLACE 0,0,NORTH 0 0 NORTH
PLACE 1,4,EAST 1 4 EAST
PLACE 2,3,WEST 2 3 WEST
PLACE 3,2,SOUTH 3 2 SOUTH
PLACE 4,1,NORTH 4 1 NORTH
PA 0,0,NORTH 4 1 NORTH
PLACE 0,0,NORTH 0 0 NORTH
PLACE 1,4,EAST 1 4 EAST
PLACE 2,3,WEST 2 3 WEST
PLACE 3,2,SOUTH 3 2 SOUTH
PLACE 4,1,NORTH 4 1 NORTH
PA 0,0,NORTH 4 1 NORTH
PLACE 0,0,NORTH 0 0 NORTH
PLACE 1,4,EAST 1 4 EAST
PLACE 2,3,WEST 2 3 WEST
PLACE 3,2,SOUTH 3 2 SOUTH
PLACE 4,1,NORTH 4 1 NORTH
PA 0,0,NORTH 4 1 NORTH
PLACE 0,0,NORTH 0 0 NORTH
PLACE 1,4,EAST 1 4 EAST
PLACE 2,3,WEST 2 3 WEST
PLACE 3,2,SOUTH 3 2 SOUTH
PLACE 4,1,NORTH 4 1 NORTH
PA 0,0,NORTH 4 1 NORTH
0,0,EAST 4 1 NORTH
invalid position
PLACE 0,5,WEST 4 1 NORTH
invalid position
PLACE 5,0,EAST 4 1 NORTH
PLACE 0,0,NOATH 0 0 undefined
PLACE 0,0,NORTH 0 0 NORTH
PLACE 1,4,EAST 1 4 EAST
PLACE 2,3,WEST 2 3 WEST
PLACE 3,2,SOUTH 3 2 SOUTH
PLACE 4,1,NORTH 4 1 NORTH
PA 0,0,NORTH 4 1 NORTH
0,0,EAST 4 1 NORTH
invalid position
PLACE 0,5,WEST 4 1 NORTH
invalid position
PLACE 5,0,EAST 4 1 NORTH
PLACE 0,0,NOATH 4 1 NORTH
invalid position
PLACE -1,2,SOUTH 4 1 NORTH
invalid position
PLACE 4,-1,NORTH 4 1 NORTH
PLACE 0,0,NORTH 0 0 NORTH
PLACE 1,4,EAST 1 4 EAST
PLACE 2,3,WEST 2 3 WEST
PLACE 3,2,SOUTH 3 2 SOUTH
PLACE 4,1,NORTH 4 1 NORTH
PA 0,0,NORTH 4 1 NORTH
0,0,EAST 4 1 NORTH
invalid position from cmd: PLACE 0,5,WEST
PLACE 0,5,WEST 4 1 NORTH
invalid position from cmd: PLACE 5,0,EAST
PLACE 5,0,EAST 4 1 NORTH
invalid direction from cmd: PLACE 0,0,NOATH
PLACE 0,0,NOATH 4 1 NORTH
invalid position from cmd: PLACE -1,2,SOUTH
PLACE -1,2,SOUTH 4 1 NORTH
invalid position from cmd: PLACE 4,-1,NORTH
PLACE 4,-1,NORTH 4 1 NORTH
PLACE 0,0,NORTH 0 0 NORTH
PLACE 1,4,EAST 1 4 EAST
PLACE 2,3,WEST 2 3 WEST
PLACE 3,2,SOUTH 3 2 SOUTH
PLACE 4,1,NORTH 4 1 NORTH
PA 0,0,NORTH 4 1 NORTH
0,0,EAST 4 1 NORTH
invalid position from cmd: PLACE 0,5,WEST
PLACE 0,5,WEST 4 1 NORTH
invalid position from cmd: PLACE 5,0,EAST
PLACE 5,0,EAST 4 1 NORTH
invalid direction from cmd: PLACE 0,0,NOATH
PLACE 0,0,NOATH 4 1 NORTH
invalid position from cmd: PLACE -1,2,SOUTH
PLACE -1,2,SOUTH 4 1 NORTH
invalid position from cmd: PLACE 4,-1,NORTH
PLACE 4,-1,NORTH 4 1 NORTH
PLACE 0,0,NORTH 0 0 NORTH
PLACE 1,4,EAST 1 4 EAST
PLACE 2,3,WEST 2 3 WEST
PLACE 3,2,SOUTH 3 2 SOUTH
PLACE 4,1,NORTH 4 1 NORTH
PA 0,0,NORTH 4 1 NORTH
0,0,EAST 4 1 NORTH
invalid position from cmd: PLACE 0,5,WEST
PLACE 0,5,WEST 4 1 NORTH
invalid position from cmd: PLACE 5,0,EAST
PLACE 5,0,EAST 4 1 NORTH
invalid direction from cmd: PLACE 0,0,NOATH
PLACE 0,0,NOATH 4 1 NORTH
invalid position from cmd: PLACE -1,2,SOUTH
PLACE -1,2,SOUTH 4 1 NORTH
invalid position from cmd: PLACE 4,-1,NORTH
PLACE 4,-1,NORTH 4 1 NORTH
PLACE 0,0,NORTH 0 0 NORTH
PLACE 1,4,EAST 1 4 EAST
PLACE 2,3,WEST 2 3 WEST
PLACE 3,2,SOUTH 3 2 SOUTH
PLACE 4,1,NORTH 4 1 NORTH
PA 0,0,NORTH 4 1 NORTH
0,0,EAST 4 1 NORTH
invalid position from cmd: PLACE 0,5,WEST
PLACE 0,5,WEST 4 1 NORTH
invalid position from cmd: PLACE 5,0,EAST
PLACE 5,0,EAST 4 1 NORTH
invalid direction from cmd: PLACE 0,0,NOATH
PLACE 0,0,NOATH 4 1 NORTH
invalid position from cmd: PLACE -1,2,SOUTH
PLACE -1,2,SOUTH 4 1 NORTH
invalid position from cmd: PLACE 4,-1,NORTH
PLACE 4,-1,NORTH 4 1 NORTH
PLACE 0,0,NORTH 0 0 NORTH
PLACE 1,4,EAST 1 4 EAST
PLACE 2,3,WEST 2 3 WEST
PLACE 3,2,SOUTH 3 2 SOUTH
PLACE 4,1,NORTH 4 1 NORTH
PA 0,0,NORTH 4 1 NORTH
0,0,EAST 4 1 NORTH
invalid position from cmd: PLACE 0,5,WEST
PLACE 0,5,WEST 4 1 NORTH
invalid position from cmd: PLACE 5,0,EAST
PLACE 5,0,EAST 4 1 NORTH
invalid direction from cmd: PLACE 0,0,NOATH
PLACE 0,0,NOATH 4 1 NORTH
invalid position from cmd: PLACE -1,2,SOUTH
PLACE -1,2,SOUTH 4 1 NORTH
invalid position from cmd: PLACE 4,-1,NORTH
PLACE 4,-1,NORTH 4 1 NORTH
PLACE 0,0,NORTH 0 0 NORTH
PLACE 1,4,EAST 1 4 EAST
PLACE 2,3,WEST 2 3 WEST
PLACE 3,2,SOUTH 3 2 SOUTH
PLACE 4,1,NORTH 4 1 NORTH
PA 0,0,NORTH 4 1 NORTH
0,0,EAST 4 1 NORTH
invalid position from cmd: PLACE 0,5,WEST
PLACE 0,5,WEST 4 1 NORTH
invalid position from cmd: PLACE 5,0,EAST
PLACE 5,0,EAST 4 1 NORTH
invalid direction from cmd: PLACE 0,0,NOATH
PLACE 0,0,NOATH 4 1 NORTH
invalid position from cmd: PLACE -1,2,SOUTH
PLACE -1,2,SOUTH 4 1 NORTH
invalid position from cmd: PLACE 4,-1,NORTH
PLACE 4,-1,NORTH 4 1 NORTH
PLACE 0,0,NORTH 0 0 NORTH
PLACE 1,4,EAST 1 4 EAST
PLACE 2,3,WEST 2 3 WEST
PLACE 3,2,SOUTH 3 2 SOUTH
PLACE 4,1,NORTH 4 1 NORTH
PA 0,0,NORTH 4 1 NORTH
0,0,EAST 4 1 NORTH
invalid position from cmd: PLACE 0,5,WEST
PLACE 0,5,WEST 4 1 NORTH
invalid position from cmd: PLACE 5,0,EAST
PLACE 5,0,EAST 4 1 NORTH
invalid direction from cmd: PLACE 0,0,NOATH
PLACE 0,0,NOATH 4 1 NORTH
invalid position from cmd: PLACE -1,2,SOUTH
PLACE -1,2,SOUTH 4 1 NORTH
invalid position from cmd: PLACE 4,-1,NORTH
PLACE 4,-1,NORTH 4 1 NORTH
PLACE 0,0,NORTH 0 0 NORTH
PLACE 1,4,EAST 1 4 EAST
PLACE 2,3,WEST 2 3 WEST
PLACE 3,2,SOUTH 3 2 SOUTH
PLACE 4,1,NORTH 4 1 NORTH
PA 0,0,NORTH 4 1 NORTH
0,0,EAST 4 1 NORTH
invalid position from cmd: PLACE 0,5,WEST
PLACE 0,5,WEST 4 1 NORTH
invalid position from cmd: PLACE 5,0,EAST
PLACE 5,0,EAST 4 1 NORTH
invalid direction from cmd: PLACE 0,0,NOATH
PLACE 0,0,NOATH 4 1 NORTH
invalid position from cmd: PLACE -1,2,SOUTH
PLACE -1,2,SOUTH 4 1 NORTH
invalid position from cmd: PLACE 4,-1,NORTH
PLACE 4,-1,NORTH 4 1 NORTH
PLACE 0,0,NORTH 0 0 NORTH
HAHA 0 0 NORTH
MO 0 0 NORTH
MOVE 0 1 NORTH
MOVE 0 2 NORTH
MOVE 0 3 NORTH
MOVE 0 4 NORTH
MOVE 0 4 NORTH
MOVE 0 4 NORTH
PLACE 0,0,NORTH 0 0 NORTH
PLACE 1,4,EAST 1 4 EAST
PLACE 2,3,WEST 2 3 WEST
PLACE 3,2,SOUTH 3 2 SOUTH
PLACE 4,1,NORTH 4 1 NORTH
PA 0,0,NORTH 4 1 NORTH
0,0,EAST 4 1 NORTH
invalid position from cmd: PLACE 0,5,WEST
PLACE 0,5,WEST 4 1 NORTH
invalid position from cmd: PLACE 5,0,EAST
PLACE 5,0,EAST 4 1 NORTH
invalid direction from cmd: PLACE 0,0,NOATH
PLACE 0,0,NOATH 4 1 NORTH
invalid direction from cmd: PLACE 0, 0, NORTH
PLACE 0, 0, NORTH 4 1 NORTH
invalid position from cmd: PLACE -1,2,SOUTH
PLACE -1,2,SOUTH 4 1 NORTH
invalid position from cmd: PLACE 4,-1,NORTH
PLACE 4,-1,NORTH 4 1 NORTH
PLACE 0,0,NORTH 0 0 NORTH
PLACE 1,4,EAST 1 4 EAST
PLACE 2,3,WEST 2 3 WEST
PLACE 3,2,SOUTH 3 2 SOUTH
PLACE 4,1,NORTH 4 1 NORTH
PA 0,0,NORTH 4 1 NORTH
0,0,EAST 4 1 NORTH
invalid position from cmd: PLACE 0,5,WEST
PLACE 0,5,WEST 4 1 NORTH
invalid position from cmd: PLACE 5,0,EAST
PLACE 5,0,EAST 4 1 NORTH
invalid direction from cmd: PLACE 0,0,NOATH
PLACE 0,0,NOATH 4 1 NORTH
invalid direction from cmd: PLACE 0, 0, NORTH
PLACE 0, 0, NORTH 4 1 NORTH
invalid position from cmd: PLACE -1,2,SOUTH
PLACE -1,2,SOUTH 4 1 NORTH
invalid position from cmd: PLACE 4,-1,NORTH
PLACE 4,-1,NORTH 4 1 NORTH
PLACE 0,0,NORTH 0 0 NORTH
PLACE 1,4,EAST 1 4 EAST
PLACE 2,3,WEST 2 3 WEST
PLACE 3,2,SOUTH 3 2 SOUTH
PLACE 4,1,NORTH 4 1 NORTH
PA 0,0,NORTH 4 1 NORTH
0,0,EAST 4 1 NORTH
invalid position from cmd: PLACE 0,5,WEST
PLACE 0,5,WEST 4 1 NORTH
invalid position from cmd: PLACE 5,0,EAST
PLACE 5,0,EAST 4 1 NORTH
invalid direction from cmd: PLACE 0,0,NOATH
PLACE 0,0,NOATH 4 1 NORTH
invalid direction from cmd: PLACE 0, 0, NORTH
PLACE 0, 0, NORTH 4 1 NORTH
invalid position from cmd: PLACE -1,2,SOUTH
PLACE -1,2,SOUTH 4 1 NORTH
invalid position from cmd: PLACE 4,-1,NORTH
PLACE 4,-1,NORTH 4 1 NORTH
PLACE 0,0,NORTH 0 0 NORTH
PLACE 1,4,EAST 1 4 EAST
PLACE 2,3,WEST 2 3 WEST
PLACE 3,2,SOUTH 3 2 SOUTH
PLACE 4,1,NORTH 4 1 NORTH
PA 0,0,NORTH 4 1 NORTH
0,0,EAST 4 1 NORTH
invalid position from cmd: PLACE 0,5,WEST
PLACE 0,5,WEST 4 1 NORTH
invalid position from cmd: PLACE 5,0,EAST
PLACE 5,0,EAST 4 1 NORTH
invalid direction from cmd: PLACE 0,0,NOATH
PLACE 0,0,NOATH 4 1 NORTH
invalid direction from cmd: PLACE 0, 0, NORTH
PLACE 0, 0, NORTH 4 1 NORTH
invalid position from cmd: PLACE -1,2,SOUTH
PLACE -1,2,SOUTH 4 1 NORTH
invalid position from cmd: PLACE 4,-1,NORTH
PLACE 4,-1,NORTH 4 1 NORTH
PLACE 0,0,NORTH 0 0 NORTH
PLACE 1,4,EAST 1 4 EAST
PLACE 2,3,WEST 2 3 WEST
PLACE 3,2,SOUTH 3 2 SOUTH
PLACE 4,1,NORTH 4 1 NORTH
PA 0,0,NORTH 4 1 NORTH
0,0,EAST 4 1 NORTH
invalid position from cmd: PLACE 0,5,WEST
PLACE 0,5,WEST 4 1 NORTH
invalid position from cmd: PLACE 5,0,EAST
PLACE 5,0,EAST 4 1 NORTH
invalid direction from cmd: PLACE 0,0,NOATH
PLACE 0,0,NOATH 4 1 NORTH
invalid direction from cmd: PLACE 0, 0, NORTH
PLACE 0, 0, NORTH 4 1 NORTH
invalid position from cmd: PLACE -1,2,SOUTH
PLACE -1,2,SOUTH 4 1 NORTH
invalid position from cmd: PLACE 4,-1,NORTH
PLACE 4,-1,NORTH 4 1 NORTH
PLACE 0,0,NORTH 0 0 NORTH
PLACE 1,4,EAST 1 4 EAST
PLACE 2,3,WEST 2 3 WEST
PLACE 3,2,SOUTH 3 2 SOUTH
PLACE 4,1,NORTH 4 1 NORTH
PA 0,0,NORTH 4 1 NORTH
0,0,EAST 4 1 NORTH
invalid position from cmd: PLACE 0,5,WEST
PLACE 0,5,WEST 4 1 NORTH
invalid position from cmd: PLACE 5,0,EAST
PLACE 5,0,EAST 4 1 NORTH
invalid direction from cmd: PLACE 0,0,NOATH
PLACE 0,0,NOATH 4 1 NORTH
invalid direction from cmd: PLACE 0, 0, NORTH
PLACE 0, 0, NORTH 4 1 NORTH
invalid position from cmd: PLACE -1,2,SOUTH
PLACE -1,2,SOUTH 4 1 NORTH
invalid position from cmd: PLACE 4,-1,NORTH
PLACE 4,-1,NORTH 4 1 NORTH
PLACE 0,0,NORTH 0 0 NORTH
PLACE 1,4,EAST 1 4 EAST
PLACE 2,3,WEST 2 3 WEST
PLACE 3,2,SOUTH 3 2 SOUTH
PLACE 4,1,NORTH 4 1 NORTH
PA 0,0,NORTH 4 1 NORTH
0,0,EAST 4 1 NORTH
invalid position from cmd: PLACE 0,5,WEST
PLACE 0,5,WEST 4 1 NORTH
invalid position from cmd: PLACE 5,0,EAST
PLACE 5,0,EAST 4 1 NORTH
invalid direction from cmd: PLACE 0,0,NOATH
PLACE 0,0,NOATH 4 1 NORTH
invalid direction from cmd: PLACE 0, 0, NORTH
PLACE 0, 0, NORTH 4 1 NORTH
invalid position from cmd: PLACE -1,2,SOUTH
PLACE -1,2,SOUTH 4 1 NORTH
invalid position from cmd: PLACE 4,-1,NORTH
PLACE 4,-1,NORTH 4 1 NORTH
PLACE 0,0,NORTH 0 0 NORTH
PLACE 1,4,EAST 1 4 EAST
PLACE 2,3,WEST 2 3 WEST
PLACE 3,2,SOUTH 3 2 SOUTH
PLACE 4,1,NORTH 4 1 NORTH
PA 0,0,NORTH 4 1 NORTH
0,0,EAST 4 1 NORTH
invalid position from cmd: PLACE 0,5,WEST
PLACE 0,5,WEST 4 1 NORTH
invalid position from cmd: PLACE 5,0,EAST
PLACE 5,0,EAST 4 1 NORTH
invalid direction from cmd: PLACE 0,0,NOATH
PLACE 0,0,NOATH 4 1 NORTH
invalid direction from cmd: PLACE 0, 0, NORTH
PLACE 0, 0, NORTH 4 1 NORTH
invalid position from cmd: PLACE -1,2,SOUTH
PLACE -1,2,SOUTH 4 1 NORTH
invalid position from cmd: PLACE 4,-1,NORTH
PLACE 4,-1,NORTH 4 1 NORTH
PLACE 0,0,NORTH 0 0 NORTH
HAHA 0 0 NORTH
MO 0 0 NORTH
MOVE 0 1 NORTH
PLACE 2,4,NORTH 2 4 NORTH
HAHA 2 4 NORTH
MO 2 4 NORTH
MOVE 2 4 NORTH
PLACE 0,0,EAST 0 0 EAST
HAHA 0 0 EAST
MO 0 0 EAST
MOVE 1 0 EAST
PLACE 4,3,EAST 4 3 EAST
HAHA 4 3 EAST
MO 4 3 EAST
MOVE 4 3 EAST
PLACE 2,0,SOUTH 2 0 SOUTH
HAHA 2 0 SOUTH
MO 2 0 SOUTH
MOVE 2 0 SOUTH
PLACE 2,3,SOUTH 2 3 SOUTH
HAHA 2 3 SOUTH
MO 2 3 SOUTH
MOVE 2 2 SOUTH
PLACE 1,4,WEST 1 4 WEST
HAHA 1 4 WEST
MO 1 4 WEST
MOVE 0 4 WEST
PLACE 0,2,WEST 0 2 WEST
HAHA 0 2 WEST
MO 0 2 WEST
MOVE 0 2 WEST
PLACE 0,0,NORTH 0 0 NORTH
PLACE 1,4,EAST 1 4 EAST
PLACE 2,3,WEST 2 3 WEST
PLACE 3,2,SOUTH 3 2 SOUTH
PLACE 4,1,NORTH 4 1 NORTH
PA 0,0,NORTH 4 1 NORTH
0,0,EAST 4 1 NORTH
invalid position from cmd: PLACE 0,5,WEST
PLACE 0,5,WEST 4 1 NORTH
invalid position from cmd: PLACE 5,0,EAST
PLACE 5,0,EAST 4 1 NORTH
invalid direction from cmd: PLACE 0,0,NOATH
PLACE 0,0,NOATH 4 1 NORTH
invalid direction from cmd: PLACE 0, 0, NORTH
PLACE 0, 0, NORTH 4 1 NORTH
invalid position from cmd: PLACE -1,2,SOUTH
PLACE -1,2,SOUTH 4 1 NORTH
invalid position from cmd: PLACE 4,-1,NORTH
PLACE 4,-1,NORTH 4 1 NORTH
PLACE 0,0,NORTH 0 0 NORTH
HAHA 0 0 NORTH
MO 0 0 NORTH
MOVE 0 1 NORTH
PLACE 2,4,NORTH 2 4 NORTH
HAHA 2 4 NORTH
MO 2 4 NORTH
MOVE 2 4 NORTH
PLACE 0,0,EAST 0 0 EAST
HAHA 0 0 EAST
MO 0 0 EAST
MOVE 1 0 EAST
PLACE 4,3,EAST 4 3 EAST
HAHA 4 3 EAST
MO 4 3 EAST
MOVE 4 3 EAST
PLACE 2,0,SOUTH 2 0 SOUTH
HAHA 2 0 SOUTH
MO 2 0 SOUTH
MOVE 2 0 SOUTH
PLACE 2,3,SOUTH 2 3 SOUTH
HAHA 2 3 SOUTH
MO 2 3 SOUTH
MOVE 2 2 SOUTH
PLACE 1,4,WEST 1 4 WEST
HAHA 1 4 WEST
MO 1 4 WEST
MOVE 0 4 WEST
PLACE 0,2,WEST 0 2 WEST
HAHA 0 2 WEST
MO 0 2 WEST
MOVE 0 2 WEST
PLACE 0,0,NORTH 0 0 NORTH
PLACE 1,4,EAST 1 4 EAST
PLACE 2,3,WEST 2 3 WEST
PLACE 3,2,SOUTH 3 2 SOUTH
PLACE 4,1,NORTH 4 1 NORTH
PA 0,0,NORTH 4 1 NORTH
0,0,EAST 4 1 NORTH
invalid position from cmd: PLACE 0,5,WEST
PLACE 0,5,WEST 4 1 NORTH
invalid position from cmd: PLACE 5,0,EAST
PLACE 5,0,EAST 4 1 NORTH
invalid direction from cmd: PLACE 0,0,NOATH
PLACE 0,0,NOATH 4 1 NORTH
invalid direction from cmd: PLACE 0, 0, NORTH
PLACE 0, 0, NORTH 4 1 NORTH
invalid position from cmd: PLACE -1,2,SOUTH
PLACE -1,2,SOUTH 4 1 NORTH
invalid position from cmd: PLACE 4,-1,NORTH
PLACE 4,-1,NORTH 4 1 NORTH
PLACE 0,0,NORTH 0 0 NORTH
HAHA 0 0 NORTH
MO 0 0 NORTH
MOVE 0 1 NORTH
PLACE 2,4,NORTH 2 4 NORTH
HAHA 2 4 NORTH
MO 2 4 NORTH
MOVE 2 4 NORTH
PLACE 0,0,EAST 0 0 EAST
HAHA 0 0 EAST
MO 0 0 EAST
MOVE 1 0 EAST
PLACE 4,3,EAST 4 3 EAST
HAHA 4 3 EAST
MO 4 3 EAST
MOVE 4 3 EAST
PLACE 2,0,SOUTH 2 0 SOUTH
HAHA 2 0 SOUTH
MO 2 0 SOUTH
MOVE 2 0 SOUTH
PLACE 2,3,SOUTH 2 3 SOUTH
HAHA 2 3 SOUTH
MO 2 3 SOUTH
MOVE 2 2 SOUTH
PLACE 1,4,WEST 1 4 WEST
HAHA 1 4 WEST
MO 1 4 WEST
MOVE 0 4 WEST
PLACE 0,2,WEST 0 2 WEST
HAHA 0 2 WEST
MO 0 2 WEST
MOVE 0 2 WEST
PLACE 0,0,NORTH 0 0 NORTH
PLACE 1,4,EAST 1 4 EAST
PLACE 2,3,WEST 2 3 WEST
PLACE 3,2,SOUTH 3 2 SOUTH
PLACE 4,1,NORTH 4 1 NORTH
PLACE 0,0,NORTH 0 0 NORTH
PLACE 1,4,EAST 1 4 EAST
PLACE 2,3,WEST 2 3 WEST
PLACE 3,2,SOUTH 3 2 SOUTH
PLACE 4,1,NORTH 4 1 NORTH
  4 1 NORTH
PA 0,0,NORTH 4 1 NORTH
0,0,EAST 4 1 NORTH
invalid position from cmd: PLACE 0,5,WEST
PLACE 0,5,WEST 4 1 NORTH
invalid position from cmd: PLACE 5,0,EAST
PLACE 5,0,EAST 4 1 NORTH
invalid direction from cmd: PLACE 0,0,NOATH
PLACE 0,0,NOATH 4 1 NORTH
invalid direction from cmd: PLACE 0, 0, NORTH
PLACE 0, 0, NORTH 4 1 NORTH
invalid position from cmd: PLACE -1,2,SOUTH
PLACE -1,2,SOUTH 4 1 NORTH
invalid position from cmd: PLACE 4,-1,NORTH
PLACE 4,-1,NORTH 4 1 NORTH
PLACE 0,0,NORTH 0 0 NORTH
HAHA 0 0 NORTH
MO 0 0 NORTH
MOVE 0 1 NORTH
PLACE 2,4,NORTH 2 4 NORTH
HAHA 2 4 NORTH
MO 2 4 NORTH
MOVE 2 4 NORTH
PLACE 0,0,EAST 0 0 EAST
HAHA 0 0 EAST
MO 0 0 EAST
MOVE 1 0 EAST
PLACE 4,3,EAST 4 3 EAST
HAHA 4 3 EAST
MO 4 3 EAST
MOVE 4 3 EAST
PLACE 2,0,SOUTH 2 0 SOUTH
HAHA 2 0 SOUTH
MO 2 0 SOUTH
MOVE 2 0 SOUTH
PLACE 2,3,SOUTH 2 3 SOUTH
HAHA 2 3 SOUTH
MO 2 3 SOUTH
MOVE 2 2 SOUTH
PLACE 1,4,WEST 1 4 WEST
HAHA 1 4 WEST
MO 1 4 WEST
MOVE 0 4 WEST
PLACE 0,2,WEST 0 2 WEST
HAHA 0 2 WEST
MO 0 2 WEST
MOVE 0 2 WEST
PLACE 0,0,NORTH 0 0 NORTH
PLACE 1,4,EAST 1 4 EAST
PLACE 2,3,WEST 2 3 WEST
PLACE 3,2,SOUTH 3 2 SOUTH
PLACE 4,1,NORTH 4 1 NORTH
  4 1 NORTH
PA 0,0,NORTH 4 1 NORTH
0,0,EAST 4 1 NORTH
invalid position from cmd: PLACE 0,5,WEST
PLACE 0,5,WEST 4 1 NORTH
invalid position from cmd: PLACE 5,0,EAST
PLACE 5,0,EAST 4 1 NORTH
invalid direction from cmd: PLACE 0,0,NOATH
PLACE 0,0,NOATH 4 1 NORTH
invalid direction from cmd: PLACE 0, 0, NORTH
PLACE 0, 0, NORTH 4 1 NORTH
invalid position from cmd: PLACE -1,2,SOUTH
PLACE -1,2,SOUTH 4 1 NORTH
invalid position from cmd: PLACE 4,-1,NORTH
PLACE 4,-1,NORTH 4 1 NORTH
PLACE 0,0,NORTH 0 0 NORTH
HAHA 0 0 NORTH
MO 0 0 NORTH
MOVE 0 1 NORTH
PLACE 2,4,NORTH 2 4 NORTH
HAHA 2 4 NORTH
MO 2 4 NORTH
MOVE 2 4 NORTH
PLACE 0,0,EAST 0 0 EAST
HAHA 0 0 EAST
MO 0 0 EAST
MOVE 1 0 EAST
PLACE 4,3,EAST 4 3 EAST
HAHA 4 3 EAST
MO 4 3 EAST
MOVE 4 3 EAST
PLACE 2,0,SOUTH 2 0 SOUTH
HAHA 2 0 SOUTH
MO 2 0 SOUTH
MOVE 2 0 SOUTH
PLACE 2,3,SOUTH 2 3 SOUTH
HAHA 2 3 SOUTH
MO 2 3 SOUTH
MOVE 2 2 SOUTH
PLACE 1,4,WEST 1 4 WEST
HAHA 1 4 WEST
MO 1 4 WEST
MOVE 0 4 WEST
PLACE 0,2,WEST 0 2 WEST
HAHA 0 2 WEST
MO 0 2 WEST
MOVE 0 2 WEST
PLACE 0,0,NORTH 0 0 NORTH
HAHA 0 0 NORTH
MO 0 0 NORTH
MOVE 0 1 NORTH
PLACE 1,1,EAST 1 1 EAST
HAHA 1 1 EAST
MO 1 1 EAST
MOVE 2 1 EAST
PLACE 0,0,NORTH 0 0 NORTH
PLACE 1,4,EAST 1 4 EAST
PLACE 2,3,WEST 2 3 WEST
PLACE 3,2,SOUTH 3 2 SOUTH
PLACE 4,1,NORTH 4 1 NORTH
  4 1 NORTH
PA 0,0,NORTH 4 1 NORTH
0,0,EAST 4 1 NORTH
invalid position from cmd: PLACE 0,5,WEST
PLACE 0,5,WEST 4 1 NORTH
invalid position from cmd: PLACE 5,0,EAST
PLACE 5,0,EAST 4 1 NORTH
invalid direction from cmd: PLACE 0,0,NOATH
PLACE 0,0,NOATH 4 1 NORTH
invalid direction from cmd: PLACE 0, 0, NORTH
PLACE 0, 0, NORTH 4 1 NORTH
invalid position from cmd: PLACE -1,2,SOUTH
PLACE -1,2,SOUTH 4 1 NORTH
invalid position from cmd: PLACE 4,-1,NORTH
PLACE 4,-1,NORTH 4 1 NORTH
PLACE 0,0,NORTH 0 0 NORTH
HAHA 0 0 NORTH
MO 0 0 NORTH
MOVE 0 1 NORTH
PLACE 2,4,NORTH 2 4 NORTH
HAHA 2 4 NORTH
MO 2 4 NORTH
MOVE 2 4 NORTH
PLACE 0,0,EAST 0 0 EAST
HAHA 0 0 EAST
MO 0 0 EAST
MOVE 1 0 EAST
PLACE 4,3,EAST 4 3 EAST
HAHA 4 3 EAST
MO 4 3 EAST
MOVE 4 3 EAST
PLACE 2,0,SOUTH 2 0 SOUTH
HAHA 2 0 SOUTH
MO 2 0 SOUTH
MOVE 2 0 SOUTH
PLACE 2,3,SOUTH 2 3 SOUTH
HAHA 2 3 SOUTH
MO 2 3 SOUTH
MOVE 2 2 SOUTH
PLACE 1,4,WEST 1 4 WEST
HAHA 1 4 WEST
MO 1 4 WEST
MOVE 0 4 WEST
PLACE 0,2,WEST 0 2 WEST
HAHA 0 2 WEST
MO 0 2 WEST
MOVE 0 2 WEST
PLACE 0,0,NORTH 0 0 NORTH
HAHA 0 0 NORTH
MO 0 0 NORTH
MOVE 0 1 NORTH
PLACE 1,1,EAST 1 1 EAST
HAHA 1 1 EAST
MO 1 1 EAST
MOVE 2 1 EAST
PLACE 0,0,NORTH 0 0 NORTH
PLACE 1,4,EAST 1 4 EAST
PLACE 2,3,WEST 2 3 WEST
PLACE 3,2,SOUTH 3 2 SOUTH
PLACE 4,1,NORTH 4 1 NORTH
  4 1 NORTH
PA 0,0,NORTH 4 1 NORTH
0,0,EAST 4 1 NORTH
invalid position from cmd: PLACE 0,5,WEST
PLACE 0,5,WEST 4 1 NORTH
invalid position from cmd: PLACE 5,0,EAST
PLACE 5,0,EAST 4 1 NORTH
invalid direction from cmd: PLACE 0,0,NOATH
PLACE 0,0,NOATH 4 1 NORTH
invalid direction from cmd: PLACE 0, 0, NORTH
PLACE 0, 0, NORTH 4 1 NORTH
invalid position from cmd: PLACE -1,2,SOUTH
PLACE -1,2,SOUTH 4 1 NORTH
invalid position from cmd: PLACE 4,-1,NORTH
PLACE 4,-1,NORTH 4 1 NORTH
PLACE 0,0,NORTH 0 0 NORTH
HAHA 0 0 NORTH
MO 0 0 NORTH
MOVE 0 1 NORTH
PLACE 2,4,NORTH 2 4 NORTH
HAHA 2 4 NORTH
MO 2 4 NORTH
MOVE 2 4 NORTH
PLACE 0,0,EAST 0 0 EAST
HAHA 0 0 EAST
MO 0 0 EAST
MOVE 1 0 EAST
PLACE 4,3,EAST 4 3 EAST
HAHA 4 3 EAST
MO 4 3 EAST
MOVE 4 3 EAST
PLACE 2,0,SOUTH 2 0 SOUTH
HAHA 2 0 SOUTH
MO 2 0 SOUTH
MOVE 2 0 SOUTH
PLACE 2,3,SOUTH 2 3 SOUTH
HAHA 2 3 SOUTH
MO 2 3 SOUTH
MOVE 2 2 SOUTH
PLACE 1,4,WEST 1 4 WEST
HAHA 1 4 WEST
MO 1 4 WEST
MOVE 0 4 WEST
PLACE 0,2,WEST 0 2 WEST
HAHA 0 2 WEST
MO 0 2 WEST
MOVE 0 2 WEST
PLACE 0,0,NORTH 0 0 NORTH
LE 0 0 NORTH
N 0 0 NORTH
LEFT 0 0 WEST
PLACE 1,1,EAST 1 1 EAST
LE 1 1 EAST
N 1 1 EAST
LEFT 1 1 NORTH
PLACE 2,2,SOUTH 2 2 SOUTH
LE 2 2 SOUTH
N 2 2 SOUTH
LEFT 2 2 EAST
PLACE 3,4,WEST 3 4 WEST
LE 3 4 WEST
N 3 4 WEST
LEFT 3 4 SOUTH
PLACE 0,0,NORTH 0 0 NORTH
PLACE 1,4,EAST 1 4 EAST
PLACE 2,3,WEST 2 3 WEST
PLACE 3,2,SOUTH 3 2 SOUTH
PLACE 4,1,NORTH 4 1 NORTH
  4 1 NORTH
PA 0,0,NORTH 4 1 NORTH
0,0,EAST 4 1 NORTH
invalid position from cmd: PLACE 0,5,WEST
PLACE 0,5,WEST 4 1 NORTH
invalid position from cmd: PLACE 5,0,EAST
PLACE 5,0,EAST 4 1 NORTH
invalid direction from cmd: PLACE 0,0,NOATH
PLACE 0,0,NOATH 4 1 NORTH
invalid direction from cmd: PLACE 0, 0, NORTH
PLACE 0, 0, NORTH 4 1 NORTH
invalid position from cmd: PLACE -1,2,SOUTH
PLACE -1,2,SOUTH 4 1 NORTH
invalid position from cmd: PLACE 4,-1,NORTH
PLACE 4,-1,NORTH 4 1 NORTH
PLACE 0,0,NORTH 0 0 NORTH
HAHA 0 0 NORTH
MO 0 0 NORTH
MOVE 0 1 NORTH
PLACE 2,4,NORTH 2 4 NORTH
HAHA 2 4 NORTH
MO 2 4 NORTH
MOVE 2 4 NORTH
PLACE 0,0,EAST 0 0 EAST
HAHA 0 0 EAST
MO 0 0 EAST
MOVE 1 0 EAST
PLACE 4,3,EAST 4 3 EAST
HAHA 4 3 EAST
MO 4 3 EAST
MOVE 4 3 EAST
PLACE 2,0,SOUTH 2 0 SOUTH
HAHA 2 0 SOUTH
MO 2 0 SOUTH
MOVE 2 0 SOUTH
PLACE 2,3,SOUTH 2 3 SOUTH
HAHA 2 3 SOUTH
MO 2 3 SOUTH
MOVE 2 2 SOUTH
PLACE 1,4,WEST 1 4 WEST
HAHA 1 4 WEST
MO 1 4 WEST
MOVE 0 4 WEST
PLACE 0,2,WEST 0 2 WEST
HAHA 0 2 WEST
MO 0 2 WEST
MOVE 0 2 WEST
PLACE 0,0,NORTH 0 0 NORTH
LE 0 0 NORTH
N 0 0 NORTH
LEFT 0 0 WEST
PLACE 1,1,EAST 1 1 EAST
LE 1 1 EAST
N 1 1 EAST
LEFT 1 1 NORTH
PLACE 2,2,SOUTH 2 2 SOUTH
LE 2 2 SOUTH
N 2 2 SOUTH
LEFT 2 2 EAST
PLACE 3,4,WEST 3 4 WEST
LE 3 4 WEST
N 3 4 WEST
LEFT 3 4 SOUTH
PLACE 0,0,NORTH 0 0 NORTH
RI 0 0 NORTH
N 0 0 NORTH
RIGHT 0 0 EAST
PLACE 2,1,EAST 2 1 EAST
RI 2 1 EAST
N 2 1 EAST
RIGHT 2 1 SOUTH
PLACE 0,0,NORTH 0 0 NORTH
PLACE 1,4,EAST 1 4 EAST
PLACE 2,3,WEST 2 3 WEST
PLACE 3,2,SOUTH 3 2 SOUTH
PLACE 4,1,NORTH 4 1 NORTH
  4 1 NORTH
PA 0,0,NORTH 4 1 NORTH
0,0,EAST 4 1 NORTH
invalid position from cmd: PLACE 0,5,WEST
PLACE 0,5,WEST 4 1 NORTH
invalid position from cmd: PLACE 5,0,EAST
PLACE 5,0,EAST 4 1 NORTH
invalid direction from cmd: PLACE 0,0,NOATH
PLACE 0,0,NOATH 4 1 NORTH
invalid direction from cmd: PLACE 0, 0, NORTH
PLACE 0, 0, NORTH 4 1 NORTH
invalid position from cmd: PLACE -1,2,SOUTH
PLACE -1,2,SOUTH 4 1 NORTH
invalid position from cmd: PLACE 4,-1,NORTH
PLACE 4,-1,NORTH 4 1 NORTH
PLACE 0,0,NORTH 0 0 NORTH
HAHA 0 0 NORTH
MO 0 0 NORTH
MOVE 0 1 NORTH
PLACE 2,4,NORTH 2 4 NORTH
HAHA 2 4 NORTH
MO 2 4 NORTH
MOVE 2 4 NORTH
PLACE 0,0,EAST 0 0 EAST
HAHA 0 0 EAST
MO 0 0 EAST
MOVE 1 0 EAST
PLACE 4,3,EAST 4 3 EAST
HAHA 4 3 EAST
MO 4 3 EAST
MOVE 4 3 EAST
PLACE 2,0,SOUTH 2 0 SOUTH
HAHA 2 0 SOUTH
MO 2 0 SOUTH
MOVE 2 0 SOUTH
PLACE 2,3,SOUTH 2 3 SOUTH
HAHA 2 3 SOUTH
MO 2 3 SOUTH
MOVE 2 2 SOUTH
PLACE 1,4,WEST 1 4 WEST
HAHA 1 4 WEST
MO 1 4 WEST
MOVE 0 4 WEST
PLACE 0,2,WEST 0 2 WEST
HAHA 0 2 WEST
MO 0 2 WEST
MOVE 0 2 WEST
PLACE 0,0,NORTH 0 0 NORTH
LE 0 0 NORTH
N 0 0 NORTH
LEFT 0 0 WEST
PLACE 1,1,EAST 1 1 EAST
LE 1 1 EAST
N 1 1 EAST
LEFT 1 1 NORTH
PLACE 2,2,SOUTH 2 2 SOUTH
LE 2 2 SOUTH
N 2 2 SOUTH
LEFT 2 2 EAST
PLACE 3,4,WEST 3 4 WEST
LE 3 4 WEST
N 3 4 WEST
LEFT 3 4 SOUTH
PLACE 0,0,NORTH 0 0 NORTH
RI 0 0 NORTH
N 0 0 NORTH
RIGHT 0 0 EAST
PLACE 2,1,EAST 2 1 EAST
RI 2 1 EAST
N 2 1 EAST
RIGHT 2 1 SOUTH
PLACE 0,0,NORTH 0 0 NORTH
PLACE 1,4,EAST 1 4 EAST
PLACE 2,3,WEST 2 3 WEST
PLACE 3,2,SOUTH 3 2 SOUTH
PLACE 4,1,NORTH 4 1 NORTH
  4 1 NORTH
PA 0,0,NORTH 4 1 NORTH
0,0,EAST 4 1 NORTH
invalid position from cmd: PLACE 0,5,WEST
PLACE 0,5,WEST 4 1 NORTH
invalid position from cmd: PLACE 5,0,EAST
PLACE 5,0,EAST 4 1 NORTH
invalid direction from cmd: PLACE 0,0,NOATH
PLACE 0,0,NOATH 4 1 NORTH
invalid direction from cmd: PLACE 0, 0, NORTH
PLACE 0, 0, NORTH 4 1 NORTH
invalid position from cmd: PLACE -1,2,SOUTH
PLACE -1,2,SOUTH 4 1 NORTH
invalid position from cmd: PLACE 4,-1,NORTH
PLACE 4,-1,NORTH 4 1 NORTH
PLACE 0,0,NORTH 0 0 NORTH
HAHA 0 0 NORTH
MO 0 0 NORTH
MOVE 0 1 NORTH
PLACE 2,4,NORTH 2 4 NORTH
HAHA 2 4 NORTH
MO 2 4 NORTH
MOVE 2 4 NORTH
PLACE 0,0,EAST 0 0 EAST
HAHA 0 0 EAST
MO 0 0 EAST
MOVE 1 0 EAST
PLACE 4,3,EAST 4 3 EAST
HAHA 4 3 EAST
MO 4 3 EAST
MOVE 4 3 EAST
PLACE 2,0,SOUTH 2 0 SOUTH
HAHA 2 0 SOUTH
MO 2 0 SOUTH
MOVE 2 0 SOUTH
PLACE 2,3,SOUTH 2 3 SOUTH
HAHA 2 3 SOUTH
MO 2 3 SOUTH
MOVE 2 2 SOUTH
PLACE 1,4,WEST 1 4 WEST
HAHA 1 4 WEST
MO 1 4 WEST
MOVE 0 4 WEST
PLACE 0,2,WEST 0 2 WEST
HAHA 0 2 WEST
MO 0 2 WEST
MOVE 0 2 WEST
PLACE 0,0,NORTH 0 0 NORTH
LE 0 0 NORTH
N 0 0 NORTH
LEFT 0 0 WEST
PLACE 1,1,EAST 1 1 EAST
LE 1 1 EAST
N 1 1 EAST
LEFT 1 1 NORTH
PLACE 2,2,SOUTH 2 2 SOUTH
LE 2 2 SOUTH
N 2 2 SOUTH
LEFT 2 2 EAST
PLACE 3,4,WEST 3 4 WEST
LE 3 4 WEST
N 3 4 WEST
LEFT 3 4 SOUTH
PLACE 0,0,NORTH 0 0 NORTH
RI 0 0 NORTH
N 0 0 NORTH
RIGHT 0 0 EAST
PLACE 2,1,EAST 2 1 EAST
RI 2 1 EAST
N 2 1 EAST
RIGHT 2 1 SOUTH
PLACE 4,2,SOUTH 4 2 SOUTH
RI 4 2 SOUTH
N 4 2 SOUTH
RIGHT 4 2 WEST
PLACE 3,3,WEST 3 3 WEST
RI 3 3 WEST
N 3 3 WEST
RIGHT 3 3 NORTH
PLACE 0,0,NORTH 0 0 NORTH
PLACE 1,4,EAST 1 4 EAST
PLACE 2,3,WEST 2 3 WEST
PLACE 3,2,SOUTH 3 2 SOUTH
PLACE 4,1,NORTH 4 1 NORTH
  4 1 NORTH
PA 0,0,NORTH 4 1 NORTH
0,0,EAST 4 1 NORTH
invalid position from cmd: PLACE 0,5,WEST
PLACE 0,5,WEST 4 1 NORTH
invalid position from cmd: PLACE 5,0,EAST
PLACE 5,0,EAST 4 1 NORTH
invalid direction from cmd: PLACE 0,0,NOATH
PLACE 0,0,NOATH 4 1 NORTH
invalid direction from cmd: PLACE 0, 0, NORTH
PLACE 0, 0, NORTH 4 1 NORTH
invalid position from cmd: PLACE -1,2,SOUTH
PLACE -1,2,SOUTH 4 1 NORTH
invalid position from cmd: PLACE 4,-1,NORTH
PLACE 4,-1,NORTH 4 1 NORTH
PLACE 0,0,NORTH 0 0 NORTH
HAHA 0 0 NORTH
MO 0 0 NORTH
MOVE 0 1 NORTH
PLACE 2,4,NORTH 2 4 NORTH
HAHA 2 4 NORTH
MO 2 4 NORTH
MOVE 2 4 NORTH
PLACE 0,0,EAST 0 0 EAST
HAHA 0 0 EAST
MO 0 0 EAST
MOVE 1 0 EAST
PLACE 4,3,EAST 4 3 EAST
HAHA 4 3 EAST
MO 4 3 EAST
MOVE 4 3 EAST
PLACE 2,0,SOUTH 2 0 SOUTH
HAHA 2 0 SOUTH
MO 2 0 SOUTH
MOVE 2 0 SOUTH
PLACE 2,3,SOUTH 2 3 SOUTH
HAHA 2 3 SOUTH
MO 2 3 SOUTH
MOVE 2 2 SOUTH
PLACE 1,4,WEST 1 4 WEST
HAHA 1 4 WEST
MO 1 4 WEST
MOVE 0 4 WEST
PLACE 0,2,WEST 0 2 WEST
HAHA 0 2 WEST
MO 0 2 WEST
MOVE 0 2 WEST
PLACE 0,0,NORTH 0 0 NORTH
LE 0 0 NORTH
N 0 0 NORTH
LEFT 0 0 WEST
PLACE 1,1,EAST 1 1 EAST
LE 1 1 EAST
N 1 1 EAST
LEFT 1 1 NORTH
PLACE 2,2,SOUTH 2 2 SOUTH
LE 2 2 SOUTH
N 2 2 SOUTH
LEFT 2 2 EAST
PLACE 3,4,WEST 3 4 WEST
LE 3 4 WEST
N 3 4 WEST
LEFT 3 4 SOUTH
PLACE 0,0,NORTH 0 0 NORTH
RI 0 0 NORTH
N 0 0 NORTH
RIGHT 0 0 EAST
PLACE 2,1,EAST 2 1 EAST
RI 2 1 EAST
N 2 1 EAST
RIGHT 2 1 SOUTH
PLACE 4,2,SOUTH 4 2 SOUTH
RI 4 2 SOUTH
N 4 2 SOUTH
RIGHT 4 2 WEST
PLACE 3,3,WEST 3 3 WEST
RI 3 3 WEST
N 3 3 WEST
RIGHT 3 3 NORTH
PLACE 0,0,NORTH 0 0 NORTH
RE 0 0 NORTH
PLACE 0,0,NORTH 0 0 NORTH
PLACE 1,4,EAST 1 4 EAST
PLACE 2,3,WEST 2 3 WEST
PLACE 3,2,SOUTH 3 2 SOUTH
PLACE 4,1,NORTH 4 1 NORTH
  4 1 NORTH
PA 0,0,NORTH 4 1 NORTH
0,0,EAST 4 1 NORTH
invalid position from cmd: PLACE 0,5,WEST
PLACE 0,5,WEST 4 1 NORTH
invalid position from cmd: PLACE 5,0,EAST
PLACE 5,0,EAST 4 1 NORTH
invalid direction from cmd: PLACE 0,0,NOATH
PLACE 0,0,NOATH 4 1 NORTH
invalid direction from cmd: PLACE 0, 0, NORTH
PLACE 0, 0, NORTH 4 1 NORTH
invalid position from cmd: PLACE -1,2,SOUTH
PLACE -1,2,SOUTH 4 1 NORTH
invalid position from cmd: PLACE 4,-1,NORTH
PLACE 4,-1,NORTH 4 1 NORTH
PLACE 0,0,NORTH 0 0 NORTH
HAHA 0 0 NORTH
MO 0 0 NORTH
MOVE 0 1 NORTH
PLACE 2,4,NORTH 2 4 NORTH
HAHA 2 4 NORTH
MO 2 4 NORTH
MOVE 2 4 NORTH
PLACE 0,0,EAST 0 0 EAST
HAHA 0 0 EAST
MO 0 0 EAST
MOVE 1 0 EAST
PLACE 4,3,EAST 4 3 EAST
HAHA 4 3 EAST
MO 4 3 EAST
MOVE 4 3 EAST
PLACE 2,0,SOUTH 2 0 SOUTH
HAHA 2 0 SOUTH
MO 2 0 SOUTH
MOVE 2 0 SOUTH
PLACE 2,3,SOUTH 2 3 SOUTH
HAHA 2 3 SOUTH
MO 2 3 SOUTH
MOVE 2 2 SOUTH
PLACE 1,4,WEST 1 4 WEST
HAHA 1 4 WEST
MO 1 4 WEST
MOVE 0 4 WEST
PLACE 0,2,WEST 0 2 WEST
HAHA 0 2 WEST
MO 0 2 WEST
MOVE 0 2 WEST
PLACE 0,0,NORTH 0 0 NORTH
LE 0 0 NORTH
N 0 0 NORTH
LEFT 0 0 WEST
PLACE 1,1,EAST 1 1 EAST
LE 1 1 EAST
N 1 1 EAST
LEFT 1 1 NORTH
PLACE 2,2,SOUTH 2 2 SOUTH
LE 2 2 SOUTH
N 2 2 SOUTH
LEFT 2 2 EAST
PLACE 3,4,WEST 3 4 WEST
LE 3 4 WEST
N 3 4 WEST
LEFT 3 4 SOUTH
PLACE 0,0,NORTH 0 0 NORTH
RI 0 0 NORTH
N 0 0 NORTH
RIGHT 0 0 EAST
PLACE 2,1,EAST 2 1 EAST
RI 2 1 EAST
N 2 1 EAST
RIGHT 2 1 SOUTH
PLACE 4,2,SOUTH 4 2 SOUTH
RI 4 2 SOUTH
N 4 2 SOUTH
RIGHT 4 2 WEST
PLACE 3,3,WEST 3 3 WEST
RI 3 3 WEST
N 3 3 WEST
RIGHT 3 3 NORTH
PLACE 0,0,NORTH 0 0 NORTH
RE 0 0 NORTH
PLACE 0,0,NORTH 0 0 NORTH
PLACE 1,4,EAST 1 4 EAST
PLACE 2,3,WEST 2 3 WEST
PLACE 3,2,SOUTH 3 2 SOUTH
PLACE 4,1,NORTH 4 1 NORTH
  4 1 NORTH
PA 0,0,NORTH 4 1 NORTH
0,0,EAST 4 1 NORTH
invalid position from cmd: PLACE 0,5,WEST
PLACE 0,5,WEST 4 1 NORTH
invalid position from cmd: PLACE 5,0,EAST
PLACE 5,0,EAST 4 1 NORTH
invalid direction from cmd: PLACE 0,0,NOATH
PLACE 0,0,NOATH 4 1 NORTH
invalid direction from cmd: PLACE 0, 0, NORTH
PLACE 0, 0, NORTH 4 1 NORTH
invalid position from cmd: PLACE -1,2,SOUTH
PLACE -1,2,SOUTH 4 1 NORTH
invalid position from cmd: PLACE 4,-1,NORTH
PLACE 4,-1,NORTH 4 1 NORTH
PLACE 0,0,NORTH 0 0 NORTH
HAHA 0 0 NORTH
MO 0 0 NORTH
MOVE 0 1 NORTH
PLACE 2,4,NORTH 2 4 NORTH
HAHA 2 4 NORTH
MO 2 4 NORTH
MOVE 2 4 NORTH
PLACE 0,0,EAST 0 0 EAST
HAHA 0 0 EAST
MO 0 0 EAST
MOVE 1 0 EAST
PLACE 4,3,EAST 4 3 EAST
HAHA 4 3 EAST
MO 4 3 EAST
MOVE 4 3 EAST
PLACE 2,0,SOUTH 2 0 SOUTH
HAHA 2 0 SOUTH
MO 2 0 SOUTH
MOVE 2 0 SOUTH
PLACE 2,3,SOUTH 2 3 SOUTH
HAHA 2 3 SOUTH
MO 2 3 SOUTH
MOVE 2 2 SOUTH
PLACE 1,4,WEST 1 4 WEST
HAHA 1 4 WEST
MO 1 4 WEST
MOVE 0 4 WEST
PLACE 0,2,WEST 0 2 WEST
HAHA 0 2 WEST
MO 0 2 WEST
MOVE 0 2 WEST
PLACE 0,0,NORTH 0 0 NORTH
LE 0 0 NORTH
N 0 0 NORTH
LEFT 0 0 WEST
PLACE 1,1,EAST 1 1 EAST
LE 1 1 EAST
N 1 1 EAST
LEFT 1 1 NORTH
PLACE 2,2,SOUTH 2 2 SOUTH
LE 2 2 SOUTH
N 2 2 SOUTH
LEFT 2 2 EAST
PLACE 3,4,WEST 3 4 WEST
LE 3 4 WEST
N 3 4 WEST
LEFT 3 4 SOUTH
PLACE 0,0,NORTH 0 0 NORTH
RI 0 0 NORTH
N 0 0 NORTH
RIGHT 0 0 EAST
PLACE 2,1,EAST 2 1 EAST
RI 2 1 EAST
N 2 1 EAST
RIGHT 2 1 SOUTH
PLACE 4,2,SOUTH 4 2 SOUTH
RI 4 2 SOUTH
N 4 2 SOUTH
RIGHT 4 2 WEST
PLACE 3,3,WEST 3 3 WEST
RI 3 3 WEST
N 3 3 WEST
RIGHT 3 3 NORTH
PLACE 0,0,NORTH 0 0 NORTH
RE 0 0 NORTH
PLACE 0,0,NORTH 0 0 NORTH
PLACE 1,4,EAST 1 4 EAST
PLACE 2,3,WEST 2 3 WEST
PLACE 3,2,SOUTH 3 2 SOUTH
PLACE 4,1,NORTH 4 1 NORTH
  4 1 NORTH
PA 0,0,NORTH 4 1 NORTH
0,0,EAST 4 1 NORTH
invalid position from cmd: PLACE 0,5,WEST
PLACE 0,5,WEST 4 1 NORTH
invalid position from cmd: PLACE 5,0,EAST
PLACE 5,0,EAST 4 1 NORTH
invalid direction from cmd: PLACE 0,0,NOATH
PLACE 0,0,NOATH 4 1 NORTH
invalid direction from cmd: PLACE 0, 0, NORTH
PLACE 0, 0, NORTH 4 1 NORTH
invalid position from cmd: PLACE -1,2,SOUTH
PLACE -1,2,SOUTH 4 1 NORTH
invalid position from cmd: PLACE 4,-1,NORTH
PLACE 4,-1,NORTH 4 1 NORTH
PLACE 0,0,NORTH 0 0 NORTH
HAHA 0 0 NORTH
MO 0 0 NORTH
MOVE 0 1 NORTH
PLACE 2,4,NORTH 2 4 NORTH
HAHA 2 4 NORTH
MO 2 4 NORTH
MOVE 2 4 NORTH
PLACE 0,0,EAST 0 0 EAST
HAHA 0 0 EAST
MO 0 0 EAST
MOVE 1 0 EAST
PLACE 4,3,EAST 4 3 EAST
HAHA 4 3 EAST
MO 4 3 EAST
MOVE 4 3 EAST
PLACE 2,0,SOUTH 2 0 SOUTH
HAHA 2 0 SOUTH
MO 2 0 SOUTH
MOVE 2 0 SOUTH
PLACE 2,3,SOUTH 2 3 SOUTH
HAHA 2 3 SOUTH
MO 2 3 SOUTH
MOVE 2 2 SOUTH
PLACE 1,4,WEST 1 4 WEST
HAHA 1 4 WEST
MO 1 4 WEST
MOVE 0 4 WEST
PLACE 0,2,WEST 0 2 WEST
HAHA 0 2 WEST
MO 0 2 WEST
MOVE 0 2 WEST
PLACE 0,0,NORTH 0 0 NORTH
LE 0 0 NORTH
N 0 0 NORTH
LEFT 0 0 WEST
PLACE 1,1,EAST 1 1 EAST
LE 1 1 EAST
N 1 1 EAST
LEFT 1 1 NORTH
PLACE 2,2,SOUTH 2 2 SOUTH
LE 2 2 SOUTH
N 2 2 SOUTH
LEFT 2 2 EAST
PLACE 3,4,WEST 3 4 WEST
LE 3 4 WEST
N 3 4 WEST
LEFT 3 4 SOUTH
PLACE 0,0,NORTH 0 0 NORTH
RI 0 0 NORTH
N 0 0 NORTH
RIGHT 0 0 EAST
PLACE 2,1,EAST 2 1 EAST
RI 2 1 EAST
N 2 1 EAST
RIGHT 2 1 SOUTH
PLACE 4,2,SOUTH 4 2 SOUTH
RI 4 2 SOUTH
N 4 2 SOUTH
RIGHT 4 2 WEST
PLACE 3,3,WEST 3 3 WEST
RI 3 3 WEST
N 3 3 WEST
RIGHT 3 3 NORTH
PLACE 0,0,NORTH 0 0 NORTH
RE 0 0 NORTH
PLACE 0,0,NORTH 0 0 NORTH
PLACE 1,4,EAST 1 4 EAST
PLACE 2,3,WEST 2 3 WEST
PLACE 3,2,SOUTH 3 2 SOUTH
PLACE 4,1,NORTH 4 1 NORTH
  4 1 NORTH
PA 0,0,NORTH 4 1 NORTH
0,0,EAST 4 1 NORTH
invalid position from cmd: PLACE 0,5,WEST
PLACE 0,5,WEST 4 1 NORTH
invalid position from cmd: PLACE 5,0,EAST
PLACE 5,0,EAST 4 1 NORTH
invalid direction from cmd: PLACE 0,0,NOATH
PLACE 0,0,NOATH 4 1 NORTH
invalid direction from cmd: PLACE 0, 0, NORTH
PLACE 0, 0, NORTH 4 1 NORTH
invalid position from cmd: PLACE -1,2,SOUTH
PLACE -1,2,SOUTH 4 1 NORTH
invalid position from cmd: PLACE 4,-1,NORTH
PLACE 4,-1,NORTH 4 1 NORTH
PLACE 0,0,NORTH 0 0 NORTH
HAHA 0 0 NORTH
MO 0 0 NORTH
MOVE 0 1 NORTH
PLACE 2,4,NORTH 2 4 NORTH
HAHA 2 4 NORTH
MO 2 4 NORTH
MOVE 2 4 NORTH
PLACE 0,0,EAST 0 0 EAST
HAHA 0 0 EAST
MO 0 0 EAST
MOVE 1 0 EAST
PLACE 4,3,EAST 4 3 EAST
HAHA 4 3 EAST
MO 4 3 EAST
MOVE 4 3 EAST
PLACE 2,0,SOUTH 2 0 SOUTH
HAHA 2 0 SOUTH
MO 2 0 SOUTH
MOVE 2 0 SOUTH
PLACE 2,3,SOUTH 2 3 SOUTH
HAHA 2 3 SOUTH
MO 2 3 SOUTH
MOVE 2 2 SOUTH
PLACE 1,4,WEST 1 4 WEST
HAHA 1 4 WEST
MO 1 4 WEST
MOVE 0 4 WEST
PLACE 0,2,WEST 0 2 WEST
HAHA 0 2 WEST
MO 0 2 WEST
MOVE 0 2 WEST
PLACE 0,0,NORTH 0 0 NORTH
LE 0 0 NORTH
N 0 0 NORTH
LEFT 0 0 WEST
PLACE 1,1,EAST 1 1 EAST
LE 1 1 EAST
N 1 1 EAST
LEFT 1 1 NORTH
PLACE 2,2,SOUTH 2 2 SOUTH
LE 2 2 SOUTH
N 2 2 SOUTH
LEFT 2 2 EAST
PLACE 3,4,WEST 3 4 WEST
LE 3 4 WEST
N 3 4 WEST
LEFT 3 4 SOUTH
PLACE 0,0,NORTH 0 0 NORTH
RI 0 0 NORTH
N 0 0 NORTH
RIGHT 0 0 EAST
PLACE 2,1,EAST 2 1 EAST
RI 2 1 EAST
N 2 1 EAST
RIGHT 2 1 SOUTH
PLACE 4,2,SOUTH 4 2 SOUTH
RI 4 2 SOUTH
N 4 2 SOUTH
RIGHT 4 2 WEST
PLACE 3,3,WEST 3 3 WEST
RI 3 3 WEST
N 3 3 WEST
RIGHT 3 3 NORTH
PLACE 0,0,NORTH 0 0 NORTH
RE 0 0 NORTH
AA 0 0 NORTH
REPORT 0 0 NORTH
PLACE 1,1,EAST 1 1 EAST
RE 1 1 EAST
AA 1 1 EAST
REPORT 1 1 EAST
PLACE 2,2,SOUTH 2 2 SOUTH
RE 2 2 SOUTH
AA 2 2 SOUTH
REPORT 2 2 SOUTH
PLACE 3,3,WEST 3 3 WEST
RE 3 3 WEST
AA 3 3 WEST
REPORT 3 3 WEST
PLACE 0,0,NORTH 0 0 NORTH
PLACE 1,4,EAST 1 4 EAST
PLACE 2,3,WEST 2 3 WEST
PLACE 3,2,SOUTH 3 2 SOUTH
PLACE 4,1,NORTH 4 1 NORTH
  4 1 NORTH
PA 0,0,NORTH 4 1 NORTH
0,0,EAST 4 1 NORTH
invalid position from cmd: PLACE 0,5,WEST
PLACE 0,5,WEST 4 1 NORTH
invalid position from cmd: PLACE 5,0,EAST
PLACE 5,0,EAST 4 1 NORTH
invalid direction from cmd: PLACE 0,0,NOATH
PLACE 0,0,NOATH 4 1 NORTH
invalid direction from cmd: PLACE 0, 0, NORTH
PLACE 0, 0, NORTH 4 1 NORTH
invalid position from cmd: PLACE -1,2,SOUTH
PLACE -1,2,SOUTH 4 1 NORTH
invalid position from cmd: PLACE 4,-1,NORTH
PLACE 4,-1,NORTH 4 1 NORTH
PLACE 0,0,NORTH 0 0 NORTH
HAHA 0 0 NORTH
MO 0 0 NORTH
MOVE 0 1 NORTH
PLACE 2,4,NORTH 2 4 NORTH
HAHA 2 4 NORTH
MO 2 4 NORTH
MOVE 2 4 NORTH
PLACE 0,0,EAST 0 0 EAST
HAHA 0 0 EAST
MO 0 0 EAST
MOVE 1 0 EAST
PLACE 4,3,EAST 4 3 EAST
HAHA 4 3 EAST
MO 4 3 EAST
MOVE 4 3 EAST
PLACE 2,0,SOUTH 2 0 SOUTH
HAHA 2 0 SOUTH
MO 2 0 SOUTH
MOVE 2 0 SOUTH
PLACE 2,3,SOUTH 2 3 SOUTH
HAHA 2 3 SOUTH
MO 2 3 SOUTH
MOVE 2 2 SOUTH
PLACE 1,4,WEST 1 4 WEST
HAHA 1 4 WEST
MO 1 4 WEST
MOVE 0 4 WEST
PLACE 0,2,WEST 0 2 WEST
HAHA 0 2 WEST
MO 0 2 WEST
MOVE 0 2 WEST
PLACE 0,0,NORTH 0 0 NORTH
LE 0 0 NORTH
N 0 0 NORTH
LEFT 0 0 WEST
PLACE 1,1,EAST 1 1 EAST
LE 1 1 EAST
N 1 1 EAST
LEFT 1 1 NORTH
PLACE 2,2,SOUTH 2 2 SOUTH
LE 2 2 SOUTH
N 2 2 SOUTH
LEFT 2 2 EAST
PLACE 3,4,WEST 3 4 WEST
LE 3 4 WEST
N 3 4 WEST
LEFT 3 4 SOUTH
PLACE 0,0,NORTH 0 0 NORTH
RI 0 0 NORTH
N 0 0 NORTH
RIGHT 0 0 EAST
PLACE 2,1,EAST 2 1 EAST
RI 2 1 EAST
N 2 1 EAST
RIGHT 2 1 SOUTH
PLACE 4,2,SOUTH 4 2 SOUTH
RI 4 2 SOUTH
N 4 2 SOUTH
RIGHT 4 2 WEST
PLACE 3,3,WEST 3 3 WEST
RI 3 3 WEST
N 3 3 WEST
RIGHT 3 3 NORTH
PLACE 0,0,NORTH 0 0 NORTH
RE 0 0 NORTH
AA 0 0 NORTH
REPORT 0 0 NORTH
PLACE 1,1,EAST 1 1 EAST
RE 1 1 EAST
AA 1 1 EAST
REPORT 1 1 EAST
PLACE 2,2,SOUTH 2 2 SOUTH
RE 2 2 SOUTH
AA 2 2 SOUTH
REPORT 2 2 SOUTH
PLACE 3,3,WEST 3 3 WEST
RE 3 3 WEST
AA 3 3 WEST
REPORT 3 3 WEST
PLACE 0,0,NORTH 0 0 NORTH
PLACE 1,4,EAST 1 4 EAST
PLACE 2,3,WEST 2 3 WEST
PLACE 3,2,SOUTH 3 2 SOUTH
PLACE 4,1,NORTH 4 1 NORTH
  4 1 NORTH
PA 0,0,NORTH 4 1 NORTH
0,0,EAST 4 1 NORTH
invalid position from cmd: PLACE 0,5,WEST
PLACE 0,5,WEST 4 1 NORTH
invalid position from cmd: PLACE 5,0,EAST
PLACE 5,0,EAST 4 1 NORTH
invalid direction from cmd: PLACE 0,0,NOATH
PLACE 0,0,NOATH 4 1 NORTH
invalid direction from cmd: PLACE 0, 0, NORTH
PLACE 0, 0, NORTH 4 1 NORTH
invalid position from cmd: PLACE -1,2,SOUTH
PLACE -1,2,SOUTH 4 1 NORTH
invalid position from cmd: PLACE 4,-1,NORTH
PLACE 4,-1,NORTH 4 1 NORTH
PLACE 0,0,NORTH 0 0 NORTH
HAHA 0 0 NORTH
MO 0 0 NORTH
MOVE 0 1 NORTH
PLACE 2,4,NORTH 2 4 NORTH
HAHA 2 4 NORTH
MO 2 4 NORTH
MOVE 2 4 NORTH
PLACE 0,0,EAST 0 0 EAST
HAHA 0 0 EAST
MO 0 0 EAST
MOVE 1 0 EAST
PLACE 4,3,EAST 4 3 EAST
HAHA 4 3 EAST
MO 4 3 EAST
MOVE 4 3 EAST
PLACE 2,0,SOUTH 2 0 SOUTH
HAHA 2 0 SOUTH
MO 2 0 SOUTH
MOVE 2 0 SOUTH
PLACE 2,3,SOUTH 2 3 SOUTH
HAHA 2 3 SOUTH
MO 2 3 SOUTH
MOVE 2 2 SOUTH
PLACE 1,4,WEST 1 4 WEST
HAHA 1 4 WEST
MO 1 4 WEST
MOVE 0 4 WEST
PLACE 0,2,WEST 0 2 WEST
HAHA 0 2 WEST
MO 0 2 WEST
MOVE 0 2 WEST
PLACE 0,0,NORTH 0 0 NORTH
LE 0 0 NORTH
N 0 0 NORTH
LEFT 0 0 WEST
PLACE 1,1,EAST 1 1 EAST
LE 1 1 EAST
N 1 1 EAST
LEFT 1 1 NORTH
PLACE 2,2,SOUTH 2 2 SOUTH
LE 2 2 SOUTH
N 2 2 SOUTH
LEFT 2 2 EAST
PLACE 3,4,WEST 3 4 WEST
LE 3 4 WEST
N 3 4 WEST
LEFT 3 4 SOUTH
PLACE 0,0,NORTH 0 0 NORTH
RI 0 0 NORTH
N 0 0 NORTH
RIGHT 0 0 EAST
PLACE 2,1,EAST 2 1 EAST
RI 2 1 EAST
N 2 1 EAST
RIGHT 2 1 SOUTH
PLACE 4,2,SOUTH 4 2 SOUTH
RI 4 2 SOUTH
N 4 2 SOUTH
RIGHT 4 2 WEST
PLACE 3,3,WEST 3 3 WEST
RI 3 3 WEST
N 3 3 WEST
RIGHT 3 3 NORTH
PLACE 0,0,NORTH 0 0 NORTH
RE 0 0 NORTH
AA 0 0 NORTH
REPORT 0 0 NORTH
PLACE 1,1,EAST 1 1 EAST
RE 1 1 EAST
AA 1 1 EAST
REPORT 1 1 EAST
PLACE 2,2,SOUTH 2 2 SOUTH
RE 2 2 SOUTH
AA 2 2 SOUTH
REPORT 2 2 SOUTH
PLACE 3,3,WEST 3 3 WEST
RE 3 3 WEST
AA 3 3 WEST
REPORT 3 3 WEST
PLACE 0,0,NORTH 0 0 NORTH
PLACE 1,4,EAST 1 4 EAST
PLACE 2,3,WEST 2 3 WEST
PLACE 3,2,SOUTH 3 2 SOUTH
PLACE 4,1,NORTH 4 1 NORTH
  4 1 NORTH
PA 0,0,NORTH 4 1 NORTH
0,0,EAST 4 1 NORTH
invalid position from cmd: PLACE 0,5,WEST
PLACE 0,5,WEST 4 1 NORTH
invalid position from cmd: PLACE 5,0,EAST
PLACE 5,0,EAST 4 1 NORTH
invalid direction from cmd: PLACE 0,0,NOATH
PLACE 0,0,NOATH 4 1 NORTH
invalid direction from cmd: PLACE 0, 0, NORTH
PLACE 0, 0, NORTH 4 1 NORTH
invalid position from cmd: PLACE -1,2,SOUTH
PLACE -1,2,SOUTH 4 1 NORTH
invalid position from cmd: PLACE 4,-1,NORTH
PLACE 4,-1,NORTH 4 1 NORTH
PLACE 0,0,NORTH 0 0 NORTH
HAHA 0 0 NORTH
MO 0 0 NORTH
MOVE 0 1 NORTH
PLACE 2,4,NORTH 2 4 NORTH
HAHA 2 4 NORTH
MO 2 4 NORTH
MOVE 2 4 NORTH
PLACE 0,0,EAST 0 0 EAST
HAHA 0 0 EAST
MO 0 0 EAST
MOVE 1 0 EAST
PLACE 4,3,EAST 4 3 EAST
HAHA 4 3 EAST
MO 4 3 EAST
MOVE 4 3 EAST
PLACE 2,0,SOUTH 2 0 SOUTH
HAHA 2 0 SOUTH
MO 2 0 SOUTH
MOVE 2 0 SOUTH
PLACE 2,3,SOUTH 2 3 SOUTH
HAHA 2 3 SOUTH
MO 2 3 SOUTH
MOVE 2 2 SOUTH
PLACE 1,4,WEST 1 4 WEST
HAHA 1 4 WEST
MO 1 4 WEST
MOVE 0 4 WEST
PLACE 0,2,WEST 0 2 WEST
HAHA 0 2 WEST
MO 0 2 WEST
MOVE 0 2 WEST
PLACE 0,0,NORTH 0 0 NORTH
LE 0 0 NORTH
N 0 0 NORTH
LEFT 0 0 WEST
PLACE 1,1,EAST 1 1 EAST
LE 1 1 EAST
N 1 1 EAST
LEFT 1 1 NORTH
PLACE 2,2,SOUTH 2 2 SOUTH
LE 2 2 SOUTH
N 2 2 SOUTH
LEFT 2 2 EAST
PLACE 3,4,WEST 3 4 WEST
LE 3 4 WEST
N 3 4 WEST
LEFT 3 4 SOUTH
PLACE 0,0,NORTH 0 0 NORTH
RI 0 0 NORTH
N 0 0 NORTH
RIGHT 0 0 EAST
PLACE 2,1,EAST 2 1 EAST
RI 2 1 EAST
N 2 1 EAST
RIGHT 2 1 SOUTH
PLACE 4,2,SOUTH 4 2 SOUTH
RI 4 2 SOUTH
N 4 2 SOUTH
RIGHT 4 2 WEST
PLACE 3,3,WEST 3 3 WEST
RI 3 3 WEST
N 3 3 WEST
RIGHT 3 3 NORTH
PLACE 0,0,NORTH 0 0 NORTH
RE 0 0 NORTH
AA 0 0 NORTH
REPORT 0 0 NORTH
PLACE 1,1,EAST 1 1 EAST
RE 1 1 EAST
AA 1 1 EAST
REPORT 1 1 EAST
PLACE 2,2,SOUTH 2 2 SOUTH
RE 2 2 SOUTH
AA 2 2 SOUTH
REPORT 2 2 SOUTH
PLACE 3,3,WEST 3 3 WEST
RE 3 3 WEST
AA 3 3 WEST
REPORT 3 3 WEST
PLACE 0,0,NORTH 0 0 NORTH
PLACE 1,4,EAST 1 4 EAST
PLACE 2,3,WEST 2 3 WEST
PLACE 3,2,SOUTH 3 2 SOUTH
PLACE 4,1,NORTH 4 1 NORTH
  4 1 NORTH
PA 0,0,NORTH 4 1 NORTH
0,0,EAST 4 1 NORTH
invalid position from cmd: PLACE 0,5,WEST
PLACE 0,5,WEST 4 1 NORTH
invalid position from cmd: PLACE 5,0,EAST
PLACE 5,0,EAST 4 1 NORTH
invalid direction from cmd: PLACE 0,0,NOATH
PLACE 0,0,NOATH 4 1 NORTH
invalid direction from cmd: PLACE 0, 0, NORTH
PLACE 0, 0, NORTH 4 1 NORTH
invalid position from cmd: PLACE -1,2,SOUTH
PLACE -1,2,SOUTH 4 1 NORTH
invalid position from cmd: PLACE 4,-1,NORTH
PLACE 4,-1,NORTH 4 1 NORTH
PLACE 0,0,NORTH 0 0 NORTH
HAHA 0 0 NORTH
MO 0 0 NORTH
MOVE 0 1 NORTH
PLACE 2,4,NORTH 2 4 NORTH
HAHA 2 4 NORTH
MO 2 4 NORTH
MOVE 2 4 NORTH
PLACE 0,0,EAST 0 0 EAST
HAHA 0 0 EAST
MO 0 0 EAST
MOVE 1 0 EAST
PLACE 4,3,EAST 4 3 EAST
HAHA 4 3 EAST
MO 4 3 EAST
MOVE 4 3 EAST
PLACE 2,0,SOUTH 2 0 SOUTH
HAHA 2 0 SOUTH
MO 2 0 SOUTH
MOVE 2 0 SOUTH
PLACE 2,3,SOUTH 2 3 SOUTH
HAHA 2 3 SOUTH
MO 2 3 SOUTH
MOVE 2 2 SOUTH
PLACE 1,4,WEST 1 4 WEST
HAHA 1 4 WEST
MO 1 4 WEST
MOVE 0 4 WEST
PLACE 0,2,WEST 0 2 WEST
HAHA 0 2 WEST
MO 0 2 WEST
MOVE 0 2 WEST
PLACE 0,0,NORTH 0 0 NORTH
LE 0 0 NORTH
N 0 0 NORTH
LEFT 0 0 WEST
PLACE 1,1,EAST 1 1 EAST
LE 1 1 EAST
N 1 1 EAST
LEFT 1 1 NORTH
PLACE 2,2,SOUTH 2 2 SOUTH
LE 2 2 SOUTH
N 2 2 SOUTH
LEFT 2 2 EAST
PLACE 3,4,WEST 3 4 WEST
LE 3 4 WEST
N 3 4 WEST
LEFT 3 4 SOUTH
PLACE 0,0,NORTH 0 0 NORTH
RI 0 0 NORTH
N 0 0 NORTH
RIGHT 0 0 EAST
PLACE 2,1,EAST 2 1 EAST
RI 2 1 EAST
N 2 1 EAST
RIGHT 2 1 SOUTH
PLACE 4,2,SOUTH 4 2 SOUTH
RI 4 2 SOUTH
N 4 2 SOUTH
RIGHT 4 2 WEST
PLACE 3,3,WEST 3 3 WEST
RI 3 3 WEST
N 3 3 WEST
RIGHT 3 3 NORTH
PLACE 0,0,NORTH 0 0 NORTH
RE 0 0 NORTH
AA 0 0 NORTH
REPORT 0 0 NORTH
PLACE 1,1,EAST 1 1 EAST
RE 1 1 EAST
AA 1 1 EAST
REPORT 1 1 EAST
PLACE 2,2,SOUTH 2 2 SOUTH
RE 2 2 SOUTH
AA 2 2 SOUTH
REPORT 2 2 SOUTH
PLACE 3,3,WEST 3 3 WEST
RE 3 3 WEST
AA 3 3 WEST
REPORT 3 3 WEST
PLACE 0,0,NORTH 0 0 NORTH
PLACE 1,4,EAST 1 4 EAST
PLACE 2,3,WEST 2 3 WEST
PLACE 3,2,SOUTH 3 2 SOUTH
PLACE 4,1,NORTH 4 1 NORTH
  4 1 NORTH
PA 0,0,NORTH 4 1 NORTH
0,0,EAST 4 1 NORTH
invalid position from cmd: PLACE 0,5,WEST
PLACE 0,5,WEST 4 1 NORTH
invalid position from cmd: PLACE 5,0,EAST
PLACE 5,0,EAST 4 1 NORTH
invalid direction from cmd: PLACE 0,0,NOATH
PLACE 0,0,NOATH 4 1 NORTH
invalid direction from cmd: PLACE 0, 0, NORTH
PLACE 0, 0, NORTH 4 1 NORTH
invalid position from cmd: PLACE -1,2,SOUTH
PLACE -1,2,SOUTH 4 1 NORTH
invalid position from cmd: PLACE 4,-1,NORTH
PLACE 4,-1,NORTH 4 1 NORTH
PLACE 0,0,NORTH 0 0 NORTH
HAHA 0 0 NORTH
MO 0 0 NORTH
MOVE 0 1 NORTH
PLACE 2,4,NORTH 2 4 NORTH
HAHA 2 4 NORTH
MO 2 4 NORTH
MOVE 2 4 NORTH
PLACE 0,0,EAST 0 0 EAST
HAHA 0 0 EAST
MO 0 0 EAST
MOVE 1 0 EAST
PLACE 4,3,EAST 4 3 EAST
HAHA 4 3 EAST
MO 4 3 EAST
MOVE 4 3 EAST
PLACE 2,0,SOUTH 2 0 SOUTH
HAHA 2 0 SOUTH
MO 2 0 SOUTH
MOVE 2 0 SOUTH
PLACE 2,3,SOUTH 2 3 SOUTH
HAHA 2 3 SOUTH
MO 2 3 SOUTH
MOVE 2 2 SOUTH
PLACE 1,4,WEST 1 4 WEST
HAHA 1 4 WEST
MO 1 4 WEST
MOVE 0 4 WEST
PLACE 0,2,WEST 0 2 WEST
HAHA 0 2 WEST
MO 0 2 WEST
MOVE 0 2 WEST
PLACE 0,0,NORTH 0 0 NORTH
LE 0 0 NORTH
N 0 0 NORTH
LEFT 0 0 WEST
PLACE 1,1,EAST 1 1 EAST
LE 1 1 EAST
N 1 1 EAST
LEFT 1 1 NORTH
PLACE 2,2,SOUTH 2 2 SOUTH
LE 2 2 SOUTH
N 2 2 SOUTH
LEFT 2 2 EAST
PLACE 3,4,WEST 3 4 WEST
LE 3 4 WEST
N 3 4 WEST
LEFT 3 4 SOUTH
PLACE 0,0,NORTH 0 0 NORTH
RI 0 0 NORTH
N 0 0 NORTH
RIGHT 0 0 EAST
PLACE 2,1,EAST 2 1 EAST
RI 2 1 EAST
N 2 1 EAST
RIGHT 2 1 SOUTH
PLACE 4,2,SOUTH 4 2 SOUTH
RI 4 2 SOUTH
N 4 2 SOUTH
RIGHT 4 2 WEST
PLACE 3,3,WEST 3 3 WEST
RI 3 3 WEST
N 3 3 WEST
RIGHT 3 3 NORTH
PLACE 0,0,NORTH 0 0 NORTH
RE 0 0 NORTH
AA 0 0 NORTH
REPORT 0 0 NORTH
PLACE 1,1,EAST 1 1 EAST
RE 1 1 EAST
AA 1 1 EAST
REPORT 1 1 EAST
PLACE 2,2,SOUTH 2 2 SOUTH
RE 2 2 SOUTH
AA 2 2 SOUTH
REPORT 2 2 SOUTH
PLACE 3,3,WEST 3 3 WEST
RE 3 3 WEST
AA 3 3 WEST
REPORT 3 3 WEST
PLACE 0,0,NORTH 0 0 NORTH
PLACE 1,4,EAST 1 4 EAST
PLACE 2,3,WEST 2 3 WEST
PLACE 3,2,SOUTH 3 2 SOUTH
PLACE 4,1,NORTH 4 1 NORTH
  4 1 NORTH
PA 0,0,NORTH 4 1 NORTH
0,0,EAST 4 1 NORTH
invalid position from cmd: PLACE 0,5,WEST
PLACE 0,5,WEST 4 1 NORTH
invalid position from cmd: PLACE 5,0,EAST
PLACE 5,0,EAST 4 1 NORTH
invalid direction from cmd: PLACE 0,0,NOATH
PLACE 0,0,NOATH 4 1 NORTH
invalid direction from cmd: PLACE 0, 0, NORTH
PLACE 0, 0, NORTH 4 1 NORTH
invalid position from cmd: PLACE -1,2,SOUTH
PLACE -1,2,SOUTH 4 1 NORTH
invalid position from cmd: PLACE 4,-1,NORTH
PLACE 4,-1,NORTH 4 1 NORTH
PLACE 0,0,NORTH 0 0 NORTH
HAHA 0 0 NORTH
MO 0 0 NORTH
MOVE 0 1 NORTH
PLACE 2,4,NORTH 2 4 NORTH
HAHA 2 4 NORTH
MO 2 4 NORTH
MOVE 2 4 NORTH
PLACE 0,0,EAST 0 0 EAST
HAHA 0 0 EAST
MO 0 0 EAST
MOVE 1 0 EAST
PLACE 4,3,EAST 4 3 EAST
HAHA 4 3 EAST
MO 4 3 EAST
MOVE 4 3 EAST
PLACE 2,0,SOUTH 2 0 SOUTH
HAHA 2 0 SOUTH
MO 2 0 SOUTH
MOVE 2 0 SOUTH
PLACE 2,3,SOUTH 2 3 SOUTH
HAHA 2 3 SOUTH
MO 2 3 SOUTH
MOVE 2 2 SOUTH
PLACE 1,4,WEST 1 4 WEST
HAHA 1 4 WEST
MO 1 4 WEST
MOVE 0 4 WEST
PLACE 0,2,WEST 0 2 WEST
HAHA 0 2 WEST
MO 0 2 WEST
MOVE 0 2 WEST
PLACE 0,0,NORTH 0 0 NORTH
LE 0 0 NORTH
N 0 0 NORTH
LEFT 0 0 WEST
PLACE 1,1,EAST 1 1 EAST
LE 1 1 EAST
N 1 1 EAST
LEFT 1 1 NORTH
PLACE 2,2,SOUTH 2 2 SOUTH
LE 2 2 SOUTH
N 2 2 SOUTH
LEFT 2 2 EAST
PLACE 3,4,WEST 3 4 WEST
LE 3 4 WEST
N 3 4 WEST
LEFT 3 4 SOUTH
PLACE 0,0,NORTH 0 0 NORTH
RI 0 0 NORTH
N 0 0 NORTH
RIGHT 0 0 EAST
PLACE 2,1,EAST 2 1 EAST
RI 2 1 EAST
N 2 1 EAST
RIGHT 2 1 SOUTH
PLACE 4,2,SOUTH 4 2 SOUTH
RI 4 2 SOUTH
N 4 2 SOUTH
RIGHT 4 2 WEST
PLACE 3,3,WEST 3 3 WEST
RI 3 3 WEST
N 3 3 WEST
RIGHT 3 3 NORTH
PLACE 0,0,NORTH 0 0 NORTH
RE 0 0 NORTH
AA 0 0 NORTH
REPORT 0 0 NORTH
PLACE 1,1,EAST 1 1 EAST
RE 1 1 EAST
AA 1 1 EAST
REPORT 1 1 EAST
PLACE 2,2,SOUTH 2 2 SOUTH
RE 2 2 SOUTH
AA 2 2 SOUTH
REPORT 2 2 SOUTH
PLACE 3,3,WEST 3 3 WEST
RE 3 3 WEST
AA 3 3 WEST
REPORT 3 3 WEST
PLACE 0,0,NORTH 0 0 NORTH
PLACE 1,4,EAST 1 4 EAST
PLACE 2,3,WEST 2 3 WEST
PLACE 3,2,SOUTH 3 2 SOUTH
PLACE 4,1,NORTH 4 1 NORTH
  4 1 NORTH
PA 0,0,NORTH 4 1 NORTH
0,0,EAST 4 1 NORTH
invalid position from cmd: PLACE 0,5,WEST
PLACE 0,5,WEST 4 1 NORTH
invalid position from cmd: PLACE 5,0,EAST
PLACE 5,0,EAST 4 1 NORTH
invalid direction from cmd: PLACE 0,0,NOATH
PLACE 0,0,NOATH 4 1 NORTH
invalid direction from cmd: PLACE 0, 0, NORTH
PLACE 0, 0, NORTH 4 1 NORTH
invalid position from cmd: PLACE -1,2,SOUTH
PLACE -1,2,SOUTH 4 1 NORTH
invalid position from cmd: PLACE 4,-1,NORTH
PLACE 4,-1,NORTH 4 1 NORTH
PLACE 0,0,NORTH 0 0 NORTH
HAHA 0 0 NORTH
MO 0 0 NORTH
MOVE 0 1 NORTH
PLACE 2,4,NORTH 2 4 NORTH
HAHA 2 4 NORTH
MO 2 4 NORTH
MOVE 2 4 NORTH
PLACE 0,0,EAST 0 0 EAST
HAHA 0 0 EAST
MO 0 0 EAST
MOVE 1 0 EAST
PLACE 4,3,EAST 4 3 EAST
HAHA 4 3 EAST
MO 4 3 EAST
MOVE 4 3 EAST
PLACE 2,0,SOUTH 2 0 SOUTH
HAHA 2 0 SOUTH
MO 2 0 SOUTH
MOVE 2 0 SOUTH
PLACE 2,3,SOUTH 2 3 SOUTH
HAHA 2 3 SOUTH
MO 2 3 SOUTH
MOVE 2 2 SOUTH
PLACE 1,4,WEST 1 4 WEST
HAHA 1 4 WEST
MO 1 4 WEST
MOVE 0 4 WEST
PLACE 0,2,WEST 0 2 WEST
HAHA 0 2 WEST
MO 0 2 WEST
MOVE 0 2 WEST
PLACE 0,0,NORTH 0 0 NORTH
LE 0 0 NORTH
N 0 0 NORTH
LEFT 0 0 WEST
PLACE 1,1,EAST 1 1 EAST
LE 1 1 EAST
N 1 1 EAST
LEFT 1 1 NORTH
PLACE 2,2,SOUTH 2 2 SOUTH
LE 2 2 SOUTH
N 2 2 SOUTH
LEFT 2 2 EAST
PLACE 3,4,WEST 3 4 WEST
LE 3 4 WEST
N 3 4 WEST
LEFT 3 4 SOUTH
PLACE 0,0,NORTH 0 0 NORTH
RI 0 0 NORTH
N 0 0 NORTH
RIGHT 0 0 EAST
PLACE 2,1,EAST 2 1 EAST
RI 2 1 EAST
N 2 1 EAST
RIGHT 2 1 SOUTH
PLACE 4,2,SOUTH 4 2 SOUTH
RI 4 2 SOUTH
N 4 2 SOUTH
RIGHT 4 2 WEST
PLACE 3,3,WEST 3 3 WEST
RI 3 3 WEST
N 3 3 WEST
RIGHT 3 3 NORTH
PLACE 0,0,NORTH 0 0 NORTH
RE 0 0 NORTH
AA 0 0 NORTH
REPORT 0 0 NORTH
PLACE 1,1,EAST 1 1 EAST
RE 1 1 EAST
AA 1 1 EAST
REPORT 1 1 EAST
PLACE 2,2,SOUTH 2 2 SOUTH
RE 2 2 SOUTH
AA 2 2 SOUTH
REPORT 2 2 SOUTH
PLACE 3,3,WEST 3 3 WEST
RE 3 3 WEST
AA 3 3 WEST
REPORT 3 3 WEST
PLACE 0,0,NORTH 0 0 NORTH
PLACE 1,4,EAST 1 4 EAST
PLACE 2,3,WEST 2 3 WEST
PLACE 3,2,SOUTH 3 2 SOUTH
PLACE 4,1,NORTH 4 1 NORTH
  4 1 NORTH
PA 0,0,NORTH 4 1 NORTH
0,0,EAST 4 1 NORTH
invalid position from cmd: PLACE 0,5,WEST
PLACE 0,5,WEST 4 1 NORTH
invalid position from cmd: PLACE 5,0,EAST
PLACE 5,0,EAST 4 1 NORTH
invalid direction from cmd: PLACE 0,0,NOATH
PLACE 0,0,NOATH 4 1 NORTH
invalid direction from cmd: PLACE 0, 0, NORTH
PLACE 0, 0, NORTH 4 1 NORTH
invalid position from cmd: PLACE -1,2,SOUTH
PLACE -1,2,SOUTH 4 1 NORTH
invalid position from cmd: PLACE 4,-1,NORTH
PLACE 4,-1,NORTH 4 1 NORTH
PLACE 0,0,NORTH 0 0 NORTH
HAHA 0 0 NORTH
MO 0 0 NORTH
MOVE 0 1 NORTH
PLACE 2,4,NORTH 2 4 NORTH
HAHA 2 4 NORTH
MO 2 4 NORTH
MOVE 2 4 NORTH
PLACE 0,0,EAST 0 0 EAST
HAHA 0 0 EAST
MO 0 0 EAST
MOVE 1 0 EAST
PLACE 4,3,EAST 4 3 EAST
HAHA 4 3 EAST
MO 4 3 EAST
MOVE 4 3 EAST
PLACE 2,0,SOUTH 2 0 SOUTH
HAHA 2 0 SOUTH
MO 2 0 SOUTH
MOVE 2 0 SOUTH
PLACE 2,3,SOUTH 2 3 SOUTH
HAHA 2 3 SOUTH
MO 2 3 SOUTH
MOVE 2 2 SOUTH
PLACE 1,4,WEST 1 4 WEST
HAHA 1 4 WEST
MO 1 4 WEST
MOVE 0 4 WEST
PLACE 0,2,WEST 0 2 WEST
HAHA 0 2 WEST
MO 0 2 WEST
MOVE 0 2 WEST
PLACE 0,0,NORTH 0 0 NORTH
LE 0 0 NORTH
N 0 0 NORTH
LEFT 0 0 WEST
PLACE 1,1,EAST 1 1 EAST
LE 1 1 EAST
N 1 1 EAST
LEFT 1 1 NORTH
PLACE 2,2,SOUTH 2 2 SOUTH
LE 2 2 SOUTH
N 2 2 SOUTH
LEFT 2 2 EAST
PLACE 3,4,WEST 3 4 WEST
LE 3 4 WEST
N 3 4 WEST
LEFT 3 4 SOUTH
PLACE 0,0,NORTH 0 0 NORTH
RI 0 0 NORTH
N 0 0 NORTH
RIGHT 0 0 EAST
PLACE 2,1,EAST 2 1 EAST
RI 2 1 EAST
N 2 1 EAST
RIGHT 2 1 SOUTH
PLACE 4,2,SOUTH 4 2 SOUTH
RI 4 2 SOUTH
N 4 2 SOUTH
RIGHT 4 2 WEST
PLACE 3,3,WEST 3 3 WEST
RI 3 3 WEST
N 3 3 WEST
RIGHT 3 3 NORTH
PLACE 0,0,NORTH 0 0 NORTH
RE 0 0 NORTH
AA 0 0 NORTH
REPORT 0 0 NORTH
PLACE 1,1,EAST 1 1 EAST
RE 1 1 EAST
AA 1 1 EAST
REPORT 1 1 EAST
PLACE 2,2,SOUTH 2 2 SOUTH
RE 2 2 SOUTH
AA 2 2 SOUTH
REPORT 2 2 SOUTH
PLACE 3,3,WEST 3 3 WEST
RE 3 3 WEST
AA 3 3 WEST
REPORT 3 3 WEST
PLACE 0,0,NORTH 0 0 NORTH
PLACE 1,4,EAST 1 4 EAST
PLACE 2,3,WEST 2 3 WEST
PLACE 3,2,SOUTH 3 2 SOUTH
PLACE 4,1,NORTH 4 1 NORTH
  4 1 NORTH
PA 0,0,NORTH 4 1 NORTH
0,0,EAST 4 1 NORTH
invalid position from cmd: PLACE 0,5,WEST
PLACE 0,5,WEST 4 1 NORTH
invalid position from cmd: PLACE 5,0,EAST
PLACE 5,0,EAST 4 1 NORTH
invalid direction from cmd: PLACE 0,0,NOATH
PLACE 0,0,NOATH 4 1 NORTH
invalid direction from cmd: PLACE 0, 0, NORTH
PLACE 0, 0, NORTH 4 1 NORTH
invalid position from cmd: PLACE -1,2,SOUTH
PLACE -1,2,SOUTH 4 1 NORTH
invalid position from cmd: PLACE 4,-1,NORTH
PLACE 4,-1,NORTH 4 1 NORTH
PLACE 0,0,NORTH 0 0 NORTH
HAHA 0 0 NORTH
MO 0 0 NORTH
MOVE 0 1 NORTH
PLACE 2,4,NORTH 2 4 NORTH
HAHA 2 4 NORTH
MO 2 4 NORTH
MOVE 2 4 NORTH
PLACE 0,0,EAST 0 0 EAST
HAHA 0 0 EAST
MO 0 0 EAST
MOVE 1 0 EAST
PLACE 4,3,EAST 4 3 EAST
HAHA 4 3 EAST
MO 4 3 EAST
MOVE 4 3 EAST
PLACE 2,0,SOUTH 2 0 SOUTH
HAHA 2 0 SOUTH
MO 2 0 SOUTH
MOVE 2 0 SOUTH
PLACE 2,3,SOUTH 2 3 SOUTH
HAHA 2 3 SOUTH
MO 2 3 SOUTH
MOVE 2 2 SOUTH
PLACE 1,4,WEST 1 4 WEST
HAHA 1 4 WEST
MO 1 4 WEST
MOVE 0 4 WEST
PLACE 0,2,WEST 0 2 WEST
HAHA 0 2 WEST
MO 0 2 WEST
MOVE 0 2 WEST
PLACE 0,0,NORTH 0 0 NORTH
LE 0 0 NORTH
N 0 0 NORTH
LEFT 0 0 WEST
PLACE 1,1,EAST 1 1 EAST
LE 1 1 EAST
N 1 1 EAST
LEFT 1 1 NORTH
PLACE 2,2,SOUTH 2 2 SOUTH
LE 2 2 SOUTH
N 2 2 SOUTH
LEFT 2 2 EAST
PLACE 3,4,WEST 3 4 WEST
LE 3 4 WEST
N 3 4 WEST
LEFT 3 4 SOUTH
PLACE 0,0,NORTH 0 0 NORTH
RI 0 0 NORTH
N 0 0 NORTH
RIGHT 0 0 EAST
PLACE 2,1,EAST 2 1 EAST
RI 2 1 EAST
N 2 1 EAST
RIGHT 2 1 SOUTH
PLACE 4,2,SOUTH 4 2 SOUTH
RI 4 2 SOUTH
N 4 2 SOUTH
RIGHT 4 2 WEST
PLACE 3,3,WEST 3 3 WEST
RI 3 3 WEST
N 3 3 WEST
RIGHT 3 3 NORTH
PLACE 0,0,NORTH 0 0 NORTH
RE 0 0 NORTH
AA 0 0 NORTH
REPORT 0 0 NORTH
PLACE 1,1,EAST 1 1 EAST
RE 1 1 EAST
AA 1 1 EAST
REPORT 1 1 EAST
PLACE 2,2,SOUTH 2 2 SOUTH
RE 2 2 SOUTH
AA 2 2 SOUTH
REPORT 2 2 SOUTH
PLACE 3,3,WEST 3 3 WEST
RE 3 3 WEST
AA 3 3 WEST
REPORT 3 3 WEST
PLACE 0,0,NORTH 0 0 NORTH
PLACE 1,4,EAST 1 4 EAST
PLACE 2,3,WEST 2 3 WEST
PLACE 3,2,SOUTH 3 2 SOUTH
PLACE 4,1,NORTH 4 1 NORTH
  4 1 NORTH
PA 0,0,NORTH 4 1 NORTH
0,0,EAST 4 1 NORTH
invalid position from cmd: PLACE 0,5,WEST
PLACE 0,5,WEST 4 1 NORTH
invalid position from cmd: PLACE 5,0,EAST
PLACE 5,0,EAST 4 1 NORTH
invalid direction from cmd: PLACE 0,0,NOATH
PLACE 0,0,NOATH 4 1 NORTH
invalid direction from cmd: PLACE 0, 0, NORTH
PLACE 0, 0, NORTH 4 1 NORTH
invalid position from cmd: PLACE -1,2,SOUTH
PLACE -1,2,SOUTH 4 1 NORTH
invalid position from cmd: PLACE 4,-1,NORTH
PLACE 4,-1,NORTH 4 1 NORTH
PLACE 0,0,NORTH 0 0 NORTH
HAHA 0 0 NORTH
MO 0 0 NORTH
MOVE 0 1 NORTH
PLACE 2,4,NORTH 2 4 NORTH
HAHA 2 4 NORTH
MO 2 4 NORTH
MOVE 2 4 NORTH
PLACE 0,0,EAST 0 0 EAST
HAHA 0 0 EAST
MO 0 0 EAST
MOVE 1 0 EAST
PLACE 4,3,EAST 4 3 EAST
HAHA 4 3 EAST
MO 4 3 EAST
MOVE 4 3 EAST
PLACE 2,0,SOUTH 2 0 SOUTH
HAHA 2 0 SOUTH
MO 2 0 SOUTH
MOVE 2 0 SOUTH
PLACE 2,3,SOUTH 2 3 SOUTH
HAHA 2 3 SOUTH
MO 2 3 SOUTH
MOVE 2 2 SOUTH
PLACE 1,4,WEST 1 4 WEST
HAHA 1 4 WEST
MO 1 4 WEST
MOVE 0 4 WEST
PLACE 0,2,WEST 0 2 WEST
HAHA 0 2 WEST
MO 0 2 WEST
MOVE 0 2 WEST
PLACE 0,0,NORTH 0 0 NORTH
LE 0 0 NORTH
N 0 0 NORTH
LEFT 0 0 WEST
PLACE 1,1,EAST 1 1 EAST
LE 1 1 EAST
N 1 1 EAST
LEFT 1 1 NORTH
PLACE 2,2,SOUTH 2 2 SOUTH
LE 2 2 SOUTH
N 2 2 SOUTH
LEFT 2 2 EAST
PLACE 3,4,WEST 3 4 WEST
LE 3 4 WEST
N 3 4 WEST
LEFT 3 4 SOUTH
PLACE 0,0,NORTH 0 0 NORTH
RI 0 0 NORTH
N 0 0 NORTH
RIGHT 0 0 EAST
PLACE 2,1,EAST 2 1 EAST
RI 2 1 EAST
N 2 1 EAST
RIGHT 2 1 SOUTH
PLACE 4,2,SOUTH 4 2 SOUTH
RI 4 2 SOUTH
N 4 2 SOUTH
RIGHT 4 2 WEST
PLACE 3,3,WEST 3 3 WEST
RI 3 3 WEST
N 3 3 WEST
RIGHT 3 3 NORTH
PLACE 0,0,NORTH 0 0 NORTH
RE 0 0 NORTH
AA 0 0 NORTH
REPORT 0 0 NORTH
PLACE 1,1,EAST 1 1 EAST
RE 1 1 EAST
AA 1 1 EAST
REPORT 1 1 EAST
PLACE 2,2,SOUTH 2 2 SOUTH
RE 2 2 SOUTH
AA 2 2 SOUTH
REPORT 2 2 SOUTH
PLACE 3,3,WEST 3 3 WEST
RE 3 3 WEST
AA 3 3 WEST
REPORT 3 3 WEST
PLACE 0,0,NORTH 0 0 NORTH
PLACE 1,4,EAST 1 4 EAST
PLACE 2,3,WEST 2 3 WEST
PLACE 3,2,SOUTH 3 2 SOUTH
PLACE 4,1,NORTH 4 1 NORTH
  4 1 NORTH
PA 0,0,NORTH 4 1 NORTH
0,0,EAST 4 1 NORTH
invalid position from cmd: PLACE 0,5,WEST
PLACE 0,5,WEST 4 1 NORTH
invalid position from cmd: PLACE 5,0,EAST
PLACE 5,0,EAST 4 1 NORTH
invalid direction from cmd: PLACE 0,0,NOATH
PLACE 0,0,NOATH 4 1 NORTH
invalid direction from cmd: PLACE 0, 0, NORTH
PLACE 0, 0, NORTH 4 1 NORTH
invalid position from cmd: PLACE -1,2,SOUTH
PLACE -1,2,SOUTH 4 1 NORTH
invalid position from cmd: PLACE 4,-1,NORTH
PLACE 4,-1,NORTH 4 1 NORTH
PLACE 0,0,NORTH 0 0 NORTH
HAHA 0 0 NORTH
MO 0 0 NORTH
MOVE 0 1 NORTH
PLACE 2,4,NORTH 2 4 NORTH
HAHA 2 4 NORTH
MO 2 4 NORTH
MOVE 2 4 NORTH
PLACE 0,0,EAST 0 0 EAST
HAHA 0 0 EAST
MO 0 0 EAST
MOVE 1 0 EAST
PLACE 4,3,EAST 4 3 EAST
HAHA 4 3 EAST
MO 4 3 EAST
MOVE 4 3 EAST
PLACE 2,0,SOUTH 2 0 SOUTH
HAHA 2 0 SOUTH
MO 2 0 SOUTH
MOVE 2 0 SOUTH
PLACE 2,3,SOUTH 2 3 SOUTH
HAHA 2 3 SOUTH
MO 2 3 SOUTH
MOVE 2 2 SOUTH
PLACE 1,4,WEST 1 4 WEST
HAHA 1 4 WEST
MO 1 4 WEST
MOVE 0 4 WEST
PLACE 0,2,WEST 0 2 WEST
HAHA 0 2 WEST
MO 0 2 WEST
MOVE 0 2 WEST
PLACE 0,0,NORTH 0 0 NORTH
LE 0 0 NORTH
N 0 0 NORTH
LEFT 0 0 WEST
PLACE 1,1,EAST 1 1 EAST
LE 1 1 EAST
N 1 1 EAST
LEFT 1 1 NORTH
PLACE 2,2,SOUTH 2 2 SOUTH
LE 2 2 SOUTH
N 2 2 SOUTH
LEFT 2 2 EAST
PLACE 3,4,WEST 3 4 WEST
LE 3 4 WEST
N 3 4 WEST
LEFT 3 4 SOUTH
PLACE 0,0,NORTH 0 0 NORTH
RI 0 0 NORTH
N 0 0 NORTH
RIGHT 0 0 EAST
PLACE 2,1,EAST 2 1 EAST
RI 2 1 EAST
N 2 1 EAST
RIGHT 2 1 SOUTH
PLACE 4,2,SOUTH 4 2 SOUTH
RI 4 2 SOUTH
N 4 2 SOUTH
RIGHT 4 2 WEST
PLACE 3,3,WEST 3 3 WEST
RI 3 3 WEST
N 3 3 WEST
RIGHT 3 3 NORTH
PLACE 0,0,NORTH 0 0 NORTH
RE 0 0 NORTH
AA 0 0 NORTH
REPORT 0 0 NORTH
PLACE 1,1,EAST 1 1 EAST
RE 1 1 EAST
AA 1 1 EAST
REPORT 1 1 EAST
PLACE 2,2,SOUTH 2 2 SOUTH
RE 2 2 SOUTH
AA 2 2 SOUTH
REPORT 2 2 SOUTH
PLACE 3,3,WEST 3 3 WEST
RE 3 3 WEST
AA 3 3 WEST
REPORT 3 3 WEST
PLACE 0,0,NORTH 0 0 NORTH
PLACE 1,4,EAST 1 4 EAST
PLACE 2,3,WEST 2 3 WEST
PLACE 3,2,SOUTH 3 2 SOUTH
PLACE 4,1,NORTH 4 1 NORTH
  4 1 NORTH
PA 0,0,NORTH 4 1 NORTH
0,0,EAST 4 1 NORTH
invalid position from cmd: PLACE 0,5,WEST
PLACE 0,5,WEST 4 1 NORTH
invalid position from cmd: PLACE 5,0,EAST
PLACE 5,0,EAST 4 1 NORTH
invalid direction from cmd: PLACE 0,0,NOATH
PLACE 0,0,NOATH 4 1 NORTH
invalid direction from cmd: PLACE 0, 0, NORTH
PLACE 0, 0, NORTH 4 1 NORTH
invalid position from cmd: PLACE -1,2,SOUTH
PLACE -1,2,SOUTH 4 1 NORTH
invalid position from cmd: PLACE 4,-1,NORTH
PLACE 4,-1,NORTH 4 1 NORTH
PLACE 0,0,NORTH 0 0 NORTH
HAHA 0 0 NORTH
MO 0 0 NORTH
MOVE 0 1 NORTH
PLACE 2,4,NORTH 2 4 NORTH
HAHA 2 4 NORTH
MO 2 4 NORTH
MOVE 2 4 NORTH
PLACE 0,0,EAST 0 0 EAST
HAHA 0 0 EAST
MO 0 0 EAST
MOVE 1 0 EAST
PLACE 4,3,EAST 4 3 EAST
HAHA 4 3 EAST
MO 4 3 EAST
MOVE 4 3 EAST
PLACE 2,0,SOUTH 2 0 SOUTH
HAHA 2 0 SOUTH
MO 2 0 SOUTH
MOVE 2 0 SOUTH
PLACE 2,3,SOUTH 2 3 SOUTH
HAHA 2 3 SOUTH
MO 2 3 SOUTH
MOVE 2 2 SOUTH
PLACE 1,4,WEST 1 4 WEST
HAHA 1 4 WEST
MO 1 4 WEST
MOVE 0 4 WEST
PLACE 0,2,WEST 0 2 WEST
HAHA 0 2 WEST
MO 0 2 WEST
MOVE 0 2 WEST
PLACE 0,0,NORTH 0 0 NORTH
LE 0 0 NORTH
N 0 0 NORTH
LEFT 0 0 WEST
PLACE 1,1,EAST 1 1 EAST
LE 1 1 EAST
N 1 1 EAST
LEFT 1 1 NORTH
PLACE 2,2,SOUTH 2 2 SOUTH
LE 2 2 SOUTH
N 2 2 SOUTH
LEFT 2 2 EAST
PLACE 3,4,WEST 3 4 WEST
LE 3 4 WEST
N 3 4 WEST
LEFT 3 4 SOUTH
PLACE 0,0,NORTH 0 0 NORTH
RI 0 0 NORTH
N 0 0 NORTH
RIGHT 0 0 EAST
PLACE 2,1,EAST 2 1 EAST
RI 2 1 EAST
N 2 1 EAST
RIGHT 2 1 SOUTH
PLACE 4,2,SOUTH 4 2 SOUTH
RI 4 2 SOUTH
N 4 2 SOUTH
RIGHT 4 2 WEST
PLACE 3,3,WEST 3 3 WEST
RI 3 3 WEST
N 3 3 WEST
RIGHT 3 3 NORTH
PLACE 0,0,NORTH 0 0 NORTH
RE 0 0 NORTH
AA 0 0 NORTH
REPORT 0 0 NORTH
PLACE 1,1,EAST 1 1 EAST
RE 1 1 EAST
AA 1 1 EAST
REPORT 1 1 EAST
PLACE 2,2,SOUTH 2 2 SOUTH
RE 2 2 SOUTH
AA 2 2 SOUTH
REPORT 2 2 SOUTH
PLACE 3,3,WEST 3 3 WEST
RE 3 3 WEST
AA 3 3 WEST
REPORT 3 3 WEST
PLACE 0,0,NORTH 0 0 NORTH
PLACE 1,4,EAST 1 4 EAST
PLACE 2,3,WEST 2 3 WEST
PLACE 3,2,SOUTH 3 2 SOUTH
PLACE 4,1,NORTH 4 1 NORTH
  4 1 NORTH
PA 0,0,NORTH 4 1 NORTH
0,0,EAST 4 1 NORTH
invalid position from cmd: PLACE 0,5,WEST
PLACE 0,5,WEST 4 1 NORTH
invalid position from cmd: PLACE 5,0,EAST
PLACE 5,0,EAST 4 1 NORTH
invalid direction from cmd: PLACE 0,0,NOATH
PLACE 0,0,NOATH 4 1 NORTH
invalid direction from cmd: PLACE 0, 0, NORTH
PLACE 0, 0, NORTH 4 1 NORTH
invalid position from cmd: PLACE -1,2,SOUTH
PLACE -1,2,SOUTH 4 1 NORTH
invalid position from cmd: PLACE 4,-1,NORTH
PLACE 4,-1,NORTH 4 1 NORTH
PLACE 0,0,NORTH 0 0 NORTH
HAHA 0 0 NORTH
MO 0 0 NORTH
MOVE 0 1 NORTH
PLACE 2,4,NORTH 2 4 NORTH
HAHA 2 4 NORTH
MO 2 4 NORTH
MOVE 2 4 NORTH
PLACE 0,0,EAST 0 0 EAST
HAHA 0 0 EAST
MO 0 0 EAST
MOVE 1 0 EAST
PLACE 4,3,EAST 4 3 EAST
HAHA 4 3 EAST
MO 4 3 EAST
MOVE 4 3 EAST
PLACE 2,0,SOUTH 2 0 SOUTH
HAHA 2 0 SOUTH
MO 2 0 SOUTH
MOVE 2 0 SOUTH
PLACE 2,3,SOUTH 2 3 SOUTH
HAHA 2 3 SOUTH
MO 2 3 SOUTH
MOVE 2 2 SOUTH
PLACE 1,4,WEST 1 4 WEST
HAHA 1 4 WEST
MO 1 4 WEST
MOVE 0 4 WEST
PLACE 0,2,WEST 0 2 WEST
HAHA 0 2 WEST
MO 0 2 WEST
MOVE 0 2 WEST
PLACE 0,0,NORTH 0 0 NORTH
LE 0 0 NORTH
N 0 0 NORTH
LEFT 0 0 WEST
PLACE 1,1,EAST 1 1 EAST
LE 1 1 EAST
N 1 1 EAST
LEFT 1 1 NORTH
PLACE 2,2,SOUTH 2 2 SOUTH
LE 2 2 SOUTH
N 2 2 SOUTH
LEFT 2 2 EAST
PLACE 3,4,WEST 3 4 WEST
LE 3 4 WEST
N 3 4 WEST
LEFT 3 4 SOUTH
PLACE 0,0,NORTH 0 0 NORTH
RI 0 0 NORTH
N 0 0 NORTH
RIGHT 0 0 EAST
PLACE 2,1,EAST 2 1 EAST
RI 2 1 EAST
N 2 1 EAST
RIGHT 2 1 SOUTH
PLACE 4,2,SOUTH 4 2 SOUTH
RI 4 2 SOUTH
N 4 2 SOUTH
RIGHT 4 2 WEST
PLACE 3,3,WEST 3 3 WEST
RI 3 3 WEST
N 3 3 WEST
RIGHT 3 3 NORTH
PLACE 0,0,NORTH 0 0 NORTH
RE 0 0 NORTH
AA 0 0 NORTH
REPORT 0 0 NORTH
PLACE 1,1,EAST 1 1 EAST
RE 1 1 EAST
AA 1 1 EAST
REPORT 1 1 EAST
PLACE 2,2,SOUTH 2 2 SOUTH
RE 2 2 SOUTH
AA 2 2 SOUTH
REPORT 2 2 SOUTH
PLACE 3,3,WEST 3 3 WEST
RE 3 3 WEST
AA 3 3 WEST
REPORT 3 3 WEST
PLACE 0,0,NORTH 0 0 NORTH
PLACE 1,4,EAST 1 4 EAST
PLACE 2,3,WEST 2 3 WEST
PLACE 3,2,SOUTH 3 2 SOUTH
PLACE 4,1,NORTH 4 1 NORTH
  4 1 NORTH
PA 0,0,NORTH 4 1 NORTH
0,0,EAST 4 1 NORTH
invalid position from cmd: PLACE 0,5,WEST
PLACE 0,5,WEST 4 1 NORTH
invalid position from cmd: PLACE 5,0,EAST
PLACE 5,0,EAST 4 1 NORTH
invalid direction from cmd: PLACE 0,0,NOATH
PLACE 0,0,NOATH 4 1 NORTH
invalid direction from cmd: PLACE 0, 0, NORTH
PLACE 0, 0, NORTH 4 1 NORTH
invalid position from cmd: PLACE -1,2,SOUTH
PLACE -1,2,SOUTH 4 1 NORTH
invalid position from cmd: PLACE 4,-1,NORTH
PLACE 4,-1,NORTH 4 1 NORTH
PLACE 0,0,NORTH 0 0 NORTH
HAHA 0 0 NORTH
MO 0 0 NORTH
MOVE 0 1 NORTH
PLACE 2,4,NORTH 2 4 NORTH
HAHA 2 4 NORTH
MO 2 4 NORTH
MOVE 2 4 NORTH
PLACE 0,0,EAST 0 0 EAST
HAHA 0 0 EAST
MO 0 0 EAST
MOVE 1 0 EAST
PLACE 4,3,EAST 4 3 EAST
HAHA 4 3 EAST
MO 4 3 EAST
MOVE 4 3 EAST
PLACE 2,0,SOUTH 2 0 SOUTH
HAHA 2 0 SOUTH
MO 2 0 SOUTH
MOVE 2 0 SOUTH
PLACE 2,3,SOUTH 2 3 SOUTH
HAHA 2 3 SOUTH
MO 2 3 SOUTH
MOVE 2 2 SOUTH
PLACE 1,4,WEST 1 4 WEST
HAHA 1 4 WEST
MO 1 4 WEST
MOVE 0 4 WEST
PLACE 0,2,WEST 0 2 WEST
HAHA 0 2 WEST
MO 0 2 WEST
MOVE 0 2 WEST
PLACE 0,0,NORTH 0 0 NORTH
LE 0 0 NORTH
N 0 0 NORTH
LEFT 0 0 WEST
PLACE 1,1,EAST 1 1 EAST
LE 1 1 EAST
N 1 1 EAST
LEFT 1 1 NORTH
PLACE 2,2,SOUTH 2 2 SOUTH
LE 2 2 SOUTH
N 2 2 SOUTH
LEFT 2 2 EAST
PLACE 3,4,WEST 3 4 WEST
LE 3 4 WEST
N 3 4 WEST
LEFT 3 4 SOUTH
PLACE 0,0,NORTH 0 0 NORTH
RI 0 0 NORTH
N 0 0 NORTH
RIGHT 0 0 EAST
PLACE 2,1,EAST 2 1 EAST
RI 2 1 EAST
N 2 1 EAST
RIGHT 2 1 SOUTH
PLACE 4,2,SOUTH 4 2 SOUTH
RI 4 2 SOUTH
N 4 2 SOUTH
RIGHT 4 2 WEST
PLACE 3,3,WEST 3 3 WEST
RI 3 3 WEST
N 3 3 WEST
RIGHT 3 3 NORTH
PLACE 0,0,NORTH 0 0 NORTH
RE 0 0 NORTH
AA 0 0 NORTH
REPORT 0 0 NORTH
PLACE 1,1,EAST 1 1 EAST
RE 1 1 EAST
AA 1 1 EAST
REPORT 1 1 EAST
PLACE 2,2,SOUTH 2 2 SOUTH
RE 2 2 SOUTH
AA 2 2 SOUTH
REPORT 2 2 SOUTH
PLACE 3,3,WEST 3 3 WEST
RE 3 3 WEST
AA 3 3 WEST
REPORT 3 3 WEST
PLACE 0,0,NORTH 0 0 NORTH
PLACE 1,4,EAST 1 4 EAST
PLACE 2,3,WEST 2 3 WEST
PLACE 3,2,SOUTH 3 2 SOUTH
PLACE 4,1,NORTH 4 1 NORTH
  4 1 NORTH
PA 0,0,NORTH 4 1 NORTH
0,0,EAST 4 1 NORTH
invalid position from cmd: PLACE 0,5,WEST
PLACE 0,5,WEST 4 1 NORTH
invalid position from cmd: PLACE 5,0,EAST
PLACE 5,0,EAST 4 1 NORTH
invalid direction from cmd: PLACE 0,0,NOATH
PLACE 0,0,NOATH 4 1 NORTH
invalid direction from cmd: PLACE 0, 0, NORTH
PLACE 0, 0, NORTH 4 1 NORTH
invalid position from cmd: PLACE -1,2,SOUTH
PLACE -1,2,SOUTH 4 1 NORTH
invalid position from cmd: PLACE 4,-1,NORTH
PLACE 4,-1,NORTH 4 1 NORTH
PLACE 0,0,NORTH 0 0 NORTH
HAHA 0 0 NORTH
MO 0 0 NORTH
MOVE 0 1 NORTH
PLACE 2,4,NORTH 2 4 NORTH
HAHA 2 4 NORTH
MO 2 4 NORTH
MOVE 2 4 NORTH
PLACE 0,0,EAST 0 0 EAST
HAHA 0 0 EAST
MO 0 0 EAST
MOVE 1 0 EAST
PLACE 4,3,EAST 4 3 EAST
HAHA 4 3 EAST
MO 4 3 EAST
MOVE 4 3 EAST
PLACE 2,0,SOUTH 2 0 SOUTH
HAHA 2 0 SOUTH
MO 2 0 SOUTH
MOVE 2 0 SOUTH
PLACE 2,3,SOUTH 2 3 SOUTH
HAHA 2 3 SOUTH
MO 2 3 SOUTH
MOVE 2 2 SOUTH
PLACE 1,4,WEST 1 4 WEST
HAHA 1 4 WEST
MO 1 4 WEST
MOVE 0 4 WEST
PLACE 0,2,WEST 0 2 WEST
HAHA 0 2 WEST
MO 0 2 WEST
MOVE 0 2 WEST
PLACE 0,0,NORTH 0 0 NORTH
LE 0 0 NORTH
N 0 0 NORTH
LEFT 0 0 WEST
PLACE 1,1,EAST 1 1 EAST
LE 1 1 EAST
N 1 1 EAST
LEFT 1 1 NORTH
PLACE 2,2,SOUTH 2 2 SOUTH
LE 2 2 SOUTH
N 2 2 SOUTH
LEFT 2 2 EAST
PLACE 3,4,WEST 3 4 WEST
LE 3 4 WEST
N 3 4 WEST
LEFT 3 4 SOUTH
PLACE 0,0,NORTH 0 0 NORTH
RI 0 0 NORTH
N 0 0 NORTH
RIGHT 0 0 EAST
PLACE 2,1,EAST 2 1 EAST
RI 2 1 EAST
N 2 1 EAST
RIGHT 2 1 SOUTH
PLACE 4,2,SOUTH 4 2 SOUTH
RI 4 2 SOUTH
N 4 2 SOUTH
RIGHT 4 2 WEST
PLACE 3,3,WEST 3 3 WEST
RI 3 3 WEST
N 3 3 WEST
RIGHT 3 3 NORTH
PLACE 0,0,NORTH 0 0 NORTH
RE 0 0 NORTH
AA 0 0 NORTH
REPORT 0 0 NORTH
PLACE 1,1,EAST 1 1 EAST
RE 1 1 EAST
AA 1 1 EAST
REPORT 1 1 EAST
PLACE 2,2,SOUTH 2 2 SOUTH
RE 2 2 SOUTH
AA 2 2 SOUTH
REPORT 2 2 SOUTH
PLACE 3,3,WEST 3 3 WEST
RE 3 3 WEST
AA 3 3 WEST
REPORT 3 3 WEST
PLACE 0,0,NORTH 0 0 NORTH
PLACE 1,4,EAST 1 4 EAST
PLACE 2,3,WEST 2 3 WEST
PLACE 3,2,SOUTH 3 2 SOUTH
PLACE 4,1,NORTH 4 1 NORTH
  4 1 NORTH
PA 0,0,NORTH 4 1 NORTH
0,0,EAST 4 1 NORTH
invalid position from cmd: PLACE 0,5,WEST
PLACE 0,5,WEST 4 1 NORTH
invalid position from cmd: PLACE 5,0,EAST
PLACE 5,0,EAST 4 1 NORTH
invalid direction from cmd: PLACE 0,0,NOATH
PLACE 0,0,NOATH 4 1 NORTH
invalid direction from cmd: PLACE 0, 0, NORTH
PLACE 0, 0, NORTH 4 1 NORTH
invalid position from cmd: PLACE -1,2,SOUTH
PLACE -1,2,SOUTH 4 1 NORTH
invalid position from cmd: PLACE 4,-1,NORTH
PLACE 4,-1,NORTH 4 1 NORTH
PLACE 0,0,NORTH 0 0 NORTH
HAHA 0 0 NORTH
MO 0 0 NORTH
MOVE 0 1 NORTH
PLACE 2,4,NORTH 2 4 NORTH
HAHA 2 4 NORTH
MO 2 4 NORTH
MOVE 2 4 NORTH
PLACE 0,0,EAST 0 0 EAST
HAHA 0 0 EAST
MO 0 0 EAST
MOVE 1 0 EAST
PLACE 4,3,EAST 4 3 EAST
HAHA 4 3 EAST
MO 4 3 EAST
MOVE 4 3 EAST
PLACE 2,0,SOUTH 2 0 SOUTH
HAHA 2 0 SOUTH
MO 2 0 SOUTH
MOVE 2 0 SOUTH
PLACE 2,3,SOUTH 2 3 SOUTH
HAHA 2 3 SOUTH
MO 2 3 SOUTH
MOVE 2 2 SOUTH
PLACE 1,4,WEST 1 4 WEST
HAHA 1 4 WEST
MO 1 4 WEST
MOVE 0 4 WEST
PLACE 0,2,WEST 0 2 WEST
HAHA 0 2 WEST
MO 0 2 WEST
MOVE 0 2 WEST
PLACE 0,0,NORTH 0 0 NORTH
LE 0 0 NORTH
N 0 0 NORTH
LEFT 0 0 WEST
PLACE 1,1,EAST 1 1 EAST
LE 1 1 EAST
N 1 1 EAST
LEFT 1 1 NORTH
PLACE 2,2,SOUTH 2 2 SOUTH
LE 2 2 SOUTH
N 2 2 SOUTH
LEFT 2 2 EAST
PLACE 3,4,WEST 3 4 WEST
LE 3 4 WEST
N 3 4 WEST
LEFT 3 4 SOUTH
PLACE 0,0,NORTH 0 0 NORTH
RI 0 0 NORTH
N 0 0 NORTH
RIGHT 0 0 EAST
PLACE 2,1,EAST 2 1 EAST
RI 2 1 EAST
N 2 1 EAST
RIGHT 2 1 SOUTH
PLACE 4,2,SOUTH 4 2 SOUTH
RI 4 2 SOUTH
N 4 2 SOUTH
RIGHT 4 2 WEST
PLACE 3,3,WEST 3 3 WEST
RI 3 3 WEST
N 3 3 WEST
RIGHT 3 3 NORTH
PLACE 0,0,NORTH 0 0 NORTH
RE 0 0 NORTH
AA 0 0 NORTH
REPORT 0 0 NORTH
PLACE 1,1,EAST 1 1 EAST
RE 1 1 EAST
AA 1 1 EAST
REPORT 1 1 EAST
PLACE 2,2,SOUTH 2 2 SOUTH
RE 2 2 SOUTH
AA 2 2 SOUTH
REPORT 2 2 SOUTH
PLACE 3,3,WEST 3 3 WEST
RE 3 3 WEST
AA 3 3 WEST
REPORT 3 3 WEST
PLACE 0,0,NORTH 0 0 NORTH
PLACE 1,4,EAST 1 4 EAST
PLACE 2,3,WEST 2 3 WEST
PLACE 3,2,SOUTH 3 2 SOUTH
PLACE 4,1,NORTH 4 1 NORTH
  4 1 NORTH
PA 0,0,NORTH 4 1 NORTH
0,0,EAST 4 1 NORTH
invalid position from cmd: PLACE 0,5,WEST
PLACE 0,5,WEST 4 1 NORTH
invalid position from cmd: PLACE 5,0,EAST
PLACE 5,0,EAST 4 1 NORTH
invalid direction from cmd: PLACE 0,0,NOATH
PLACE 0,0,NOATH 4 1 NORTH
invalid direction from cmd: PLACE 0, 0, NORTH
PLACE 0, 0, NORTH 4 1 NORTH
invalid position from cmd: PLACE -1,2,SOUTH
PLACE -1,2,SOUTH 4 1 NORTH
invalid position from cmd: PLACE 4,-1,NORTH
PLACE 4,-1,NORTH 4 1 NORTH
PLACE 0,0,NORTH 0 0 NORTH
HAHA 0 0 NORTH
MO 0 0 NORTH
MOVE 0 1 NORTH
PLACE 2,4,NORTH 2 4 NORTH
HAHA 2 4 NORTH
MO 2 4 NORTH
MOVE 2 4 NORTH
PLACE 0,0,EAST 0 0 EAST
HAHA 0 0 EAST
MO 0 0 EAST
MOVE 1 0 EAST
PLACE 4,3,EAST 4 3 EAST
HAHA 4 3 EAST
MO 4 3 EAST
MOVE 4 3 EAST
PLACE 2,0,SOUTH 2 0 SOUTH
HAHA 2 0 SOUTH
MO 2 0 SOUTH
MOVE 2 0 SOUTH
PLACE 2,3,SOUTH 2 3 SOUTH
HAHA 2 3 SOUTH
MO 2 3 SOUTH
MOVE 2 2 SOUTH
PLACE 1,4,WEST 1 4 WEST
HAHA 1 4 WEST
MO 1 4 WEST
MOVE 0 4 WEST
PLACE 0,2,WEST 0 2 WEST
HAHA 0 2 WEST
MO 0 2 WEST
MOVE 0 2 WEST
PLACE 0,0,NORTH 0 0 NORTH
LE 0 0 NORTH
N 0 0 NORTH
LEFT 0 0 WEST
PLACE 1,1,EAST 1 1 EAST
LE 1 1 EAST
N 1 1 EAST
LEFT 1 1 NORTH
PLACE 2,2,SOUTH 2 2 SOUTH
LE 2 2 SOUTH
N 2 2 SOUTH
LEFT 2 2 EAST
PLACE 3,4,WEST 3 4 WEST
LE 3 4 WEST
N 3 4 WEST
LEFT 3 4 SOUTH
PLACE 0,0,NORTH 0 0 NORTH
RI 0 0 NORTH
N 0 0 NORTH
RIGHT 0 0 EAST
PLACE 2,1,EAST 2 1 EAST
RI 2 1 EAST
N 2 1 EAST
RIGHT 2 1 SOUTH
PLACE 4,2,SOUTH 4 2 SOUTH
RI 4 2 SOUTH
N 4 2 SOUTH
RIGHT 4 2 WEST
PLACE 3,3,WEST 3 3 WEST
RI 3 3 WEST
N 3 3 WEST
RIGHT 3 3 NORTH
PLACE 0,0,NORTH 0 0 NORTH
RE 0 0 NORTH
AA 0 0 NORTH
REPORT 0 0 NORTH
PLACE 1,1,EAST 1 1 EAST
RE 1 1 EAST
AA 1 1 EAST
REPORT 1 1 EAST
PLACE 2,2,SOUTH 2 2 SOUTH
RE 2 2 SOUTH
AA 2 2 SOUTH
REPORT 2 2 SOUTH
PLACE 3,3,WEST 3 3 WEST
RE 3 3 WEST
AA 3 3 WEST
REPORT 3 3 WEST
PLACE 0,0,NORTH 0 0 NORTH
PLACE 1,4,EAST 1 4 EAST
PLACE 2,3,WEST 2 3 WEST
PLACE 3,2,SOUTH 3 2 SOUTH
PLACE 4,1,NORTH 4 1 NORTH
  4 1 NORTH
PA 0,0,NORTH 4 1 NORTH
0,0,EAST 4 1 NORTH
invalid position from cmd: PLACE 0,5,WEST
PLACE 0,5,WEST 4 1 NORTH
invalid position from cmd: PLACE 5,0,EAST
PLACE 5,0,EAST 4 1 NORTH
invalid direction from cmd: PLACE 0,0,NOATH
PLACE 0,0,NOATH 4 1 NORTH
invalid direction from cmd: PLACE 0, 0, NORTH
PLACE 0, 0, NORTH 4 1 NORTH
invalid position from cmd: PLACE -1,2,SOUTH
PLACE -1,2,SOUTH 4 1 NORTH
invalid position from cmd: PLACE 4,-1,NORTH
PLACE 4,-1,NORTH 4 1 NORTH
PLACE 0,0,NORTH 0 0 NORTH
HAHA 0 0 NORTH
MO 0 0 NORTH
MOVE 0 1 NORTH
PLACE 2,4,NORTH 2 4 NORTH
HAHA 2 4 NORTH
MO 2 4 NORTH
MOVE 2 4 NORTH
PLACE 0,0,EAST 0 0 EAST
HAHA 0 0 EAST
MO 0 0 EAST
MOVE 1 0 EAST
PLACE 4,3,EAST 4 3 EAST
HAHA 4 3 EAST
MO 4 3 EAST
MOVE 4 3 EAST
PLACE 2,0,SOUTH 2 0 SOUTH
HAHA 2 0 SOUTH
MO 2 0 SOUTH
MOVE 2 0 SOUTH
PLACE 2,3,SOUTH 2 3 SOUTH
HAHA 2 3 SOUTH
MO 2 3 SOUTH
MOVE 2 2 SOUTH
PLACE 1,4,WEST 1 4 WEST
HAHA 1 4 WEST
MO 1 4 WEST
MOVE 0 4 WEST
PLACE 0,2,WEST 0 2 WEST
HAHA 0 2 WEST
MO 0 2 WEST
MOVE 0 2 WEST
PLACE 0,0,NORTH 0 0 NORTH
LE 0 0 NORTH
N 0 0 NORTH
LEFT 0 0 WEST
PLACE 1,1,EAST 1 1 EAST
LE 1 1 EAST
N 1 1 EAST
LEFT 1 1 NORTH
PLACE 2,2,SOUTH 2 2 SOUTH
LE 2 2 SOUTH
N 2 2 SOUTH
LEFT 2 2 EAST
PLACE 3,4,WEST 3 4 WEST
LE 3 4 WEST
N 3 4 WEST
LEFT 3 4 SOUTH
PLACE 0,0,NORTH 0 0 NORTH
RI 0 0 NORTH
N 0 0 NORTH
RIGHT 0 0 EAST
PLACE 2,1,EAST 2 1 EAST
RI 2 1 EAST
N 2 1 EAST
RIGHT 2 1 SOUTH
PLACE 4,2,SOUTH 4 2 SOUTH
RI 4 2 SOUTH
N 4 2 SOUTH
RIGHT 4 2 WEST
PLACE 3,3,WEST 3 3 WEST
RI 3 3 WEST
N 3 3 WEST
RIGHT 3 3 NORTH
PLACE 0,0,NORTH 0 0 NORTH
RE 0 0 NORTH
AA 0 0 NORTH
REPORT 0 0 NORTH
PLACE 1,1,EAST 1 1 EAST
RE 1 1 EAST
AA 1 1 EAST
REPORT 1 1 EAST
PLACE 2,2,SOUTH 2 2 SOUTH
RE 2 2 SOUTH
AA 2 2 SOUTH
REPORT 2 2 SOUTH
PLACE 3,3,WEST 3 3 WEST
RE 3 3 WEST
AA 3 3 WEST
REPORT 3 3 WEST
PLACE 0,0,NORTH 0 0 NORTH
PLACE 1,4,EAST 1 4 EAST
PLACE 2,3,WEST 2 3 WEST
PLACE 3,2,SOUTH 3 2 SOUTH
PLACE 4,1,NORTH 4 1 NORTH
  4 1 NORTH
PA 0,0,NORTH 4 1 NORTH
0,0,EAST 4 1 NORTH
invalid position from cmd: PLACE 0,5,WEST
PLACE 0,5,WEST 4 1 NORTH
invalid position from cmd: PLACE 5,0,EAST
PLACE 5,0,EAST 4 1 NORTH
invalid direction from cmd: PLACE 0,0,NOATH
PLACE 0,0,NOATH 4 1 NORTH
invalid direction from cmd: PLACE 0, 0, NORTH
PLACE 0, 0, NORTH 4 1 NORTH
invalid position from cmd: PLACE -1,2,SOUTH
PLACE -1,2,SOUTH 4 1 NORTH
invalid position from cmd: PLACE 4,-1,NORTH
PLACE 4,-1,NORTH 4 1 NORTH
PLACE 0,0,NORTH 0 0 NORTH
HAHA 0 0 NORTH
MO 0 0 NORTH
MOVE 0 1 NORTH
PLACE 2,4,NORTH 2 4 NORTH
HAHA 2 4 NORTH
MO 2 4 NORTH
MOVE 2 4 NORTH
PLACE 0,0,EAST 0 0 EAST
HAHA 0 0 EAST
MO 0 0 EAST
MOVE 1 0 EAST
PLACE 4,3,EAST 4 3 EAST
HAHA 4 3 EAST
MO 4 3 EAST
MOVE 4 3 EAST
PLACE 2,0,SOUTH 2 0 SOUTH
HAHA 2 0 SOUTH
MO 2 0 SOUTH
MOVE 2 0 SOUTH
PLACE 2,3,SOUTH 2 3 SOUTH
HAHA 2 3 SOUTH
MO 2 3 SOUTH
MOVE 2 2 SOUTH
PLACE 1,4,WEST 1 4 WEST
HAHA 1 4 WEST
MO 1 4 WEST
MOVE 0 4 WEST
PLACE 0,2,WEST 0 2 WEST
HAHA 0 2 WEST
MO 0 2 WEST
MOVE 0 2 WEST
PLACE 0,0,NORTH 0 0 NORTH
LE 0 0 NORTH
N 0 0 NORTH
LEFT 0 0 WEST
PLACE 1,1,EAST 1 1 EAST
LE 1 1 EAST
N 1 1 EAST
LEFT 1 1 NORTH
PLACE 2,2,SOUTH 2 2 SOUTH
LE 2 2 SOUTH
N 2 2 SOUTH
LEFT 2 2 EAST
PLACE 3,4,WEST 3 4 WEST
LE 3 4 WEST
N 3 4 WEST
LEFT 3 4 SOUTH
PLACE 0,0,NORTH 0 0 NORTH
RI 0 0 NORTH
N 0 0 NORTH
RIGHT 0 0 EAST
PLACE 2,1,EAST 2 1 EAST
RI 2 1 EAST
N 2 1 EAST
RIGHT 2 1 SOUTH
PLACE 4,2,SOUTH 4 2 SOUTH
RI 4 2 SOUTH
N 4 2 SOUTH
RIGHT 4 2 WEST
PLACE 3,3,WEST 3 3 WEST
RI 3 3 WEST
N 3 3 WEST
RIGHT 3 3 NORTH
PLACE 0,0,NORTH 0 0 NORTH
RE 0 0 NORTH
AA 0 0 NORTH
REPORT 0 0 NORTH
PLACE 1,1,EAST 1 1 EAST
RE 1 1 EAST
AA 1 1 EAST
REPORT 1 1 EAST
PLACE 2,2,SOUTH 2 2 SOUTH
RE 2 2 SOUTH
AA 2 2 SOUTH
REPORT 2 2 SOUTH
PLACE 3,3,WEST 3 3 WEST
RE 3 3 WEST
AA 3 3 WEST
REPORT 3 3 WEST
PLACE 0,0,NORTH 0 0 NORTH
PLACE 1,4,EAST 1 4 EAST
PLACE 2,3,WEST 2 3 WEST
PLACE 3,2,SOUTH 3 2 SOUTH
PLACE 4,1,NORTH 4 1 NORTH
  4 1 NORTH
PA 0,0,NORTH 4 1 NORTH
0,0,EAST 4 1 NORTH
invalid position from cmd: PLACE 0,5,WEST
PLACE 0,5,WEST 4 1 NORTH
invalid position from cmd: PLACE 5,0,EAST
PLACE 5,0,EAST 4 1 NORTH
invalid direction from cmd: PLACE 0,0,NOATH
PLACE 0,0,NOATH 4 1 NORTH
invalid direction from cmd: PLACE 0, 0, NORTH
PLACE 0, 0, NORTH 4 1 NORTH
invalid position from cmd: PLACE -1,2,SOUTH
PLACE -1,2,SOUTH 4 1 NORTH
invalid position from cmd: PLACE 4,-1,NORTH
PLACE 4,-1,NORTH 4 1 NORTH
PLACE 0,0,NORTH 0 0 NORTH
HAHA 0 0 NORTH
MO 0 0 NORTH
MOVE 0 1 NORTH
PLACE 2,4,NORTH 2 4 NORTH
HAHA 2 4 NORTH
MO 2 4 NORTH
MOVE 2 4 NORTH
PLACE 0,0,EAST 0 0 EAST
HAHA 0 0 EAST
MO 0 0 EAST
MOVE 1 0 EAST
PLACE 4,3,EAST 4 3 EAST
HAHA 4 3 EAST
MO 4 3 EAST
MOVE 4 3 EAST
PLACE 2,0,SOUTH 2 0 SOUTH
HAHA 2 0 SOUTH
MO 2 0 SOUTH
MOVE 2 0 SOUTH
PLACE 2,3,SOUTH 2 3 SOUTH
HAHA 2 3 SOUTH
MO 2 3 SOUTH
MOVE 2 2 SOUTH
PLACE 1,4,WEST 1 4 WEST
HAHA 1 4 WEST
MO 1 4 WEST
MOVE 0 4 WEST
PLACE 0,2,WEST 0 2 WEST
HAHA 0 2 WEST
MO 0 2 WEST
MOVE 0 2 WEST
PLACE 0,0,NORTH 0 0 NORTH
LE 0 0 NORTH
N 0 0 NORTH
LEFT 0 0 WEST
PLACE 1,1,EAST 1 1 EAST
LE 1 1 EAST
N 1 1 EAST
LEFT 1 1 NORTH
PLACE 2,2,SOUTH 2 2 SOUTH
LE 2 2 SOUTH
N 2 2 SOUTH
LEFT 2 2 EAST
PLACE 3,4,WEST 3 4 WEST
LE 3 4 WEST
N 3 4 WEST
LEFT 3 4 SOUTH
PLACE 0,0,NORTH 0 0 NORTH
RI 0 0 NORTH
N 0 0 NORTH
RIGHT 0 0 EAST
PLACE 2,1,EAST 2 1 EAST
RI 2 1 EAST
N 2 1 EAST
RIGHT 2 1 SOUTH
PLACE 4,2,SOUTH 4 2 SOUTH
RI 4 2 SOUTH
N 4 2 SOUTH
RIGHT 4 2 WEST
PLACE 3,3,WEST 3 3 WEST
RI 3 3 WEST
N 3 3 WEST
RIGHT 3 3 NORTH
PLACE 0,0,NORTH 0 0 NORTH
RE 0 0 NORTH
AA 0 0 NORTH
REPORT 0 0 NORTH
PLACE 1,1,EAST 1 1 EAST
RE 1 1 EAST
AA 1 1 EAST
REPORT 1 1 EAST
PLACE 2,2,SOUTH 2 2 SOUTH
RE 2 2 SOUTH
AA 2 2 SOUTH
REPORT 2 2 SOUTH
PLACE 3,3,WEST 3 3 WEST
RE 3 3 WEST
AA 3 3 WEST
REPORT 3 3 WEST
server running at http://127.0.0.1:8081
PLACE 1,2,SOUTH 1 2 SOUTH
RIGHT 1 2 WEST
LEFT 1 2 SOUTH
MOVE 1 1 SOUTH
MOVE 1 0 SOUTH
MOVE 1 0 SOUTH
MOVE 1 0 SOUTH
REPORT 1 0 SOUTH
server running at http://127.0.0.1:8081
PLACE 1,2,SOUTH 1 2 SOUTH
MOVE 1 1 SOUTH
LEFT 1 1 EAST
RIGHT 1 1 SOUTH
REPORT 1 1 SOUTH
